TN:
SF:src\components\ComplexComponents\CardTextBtn\index.tsx
FN:13,(anonymous_7)
FNF:1
FNH:1
FNDA:3,(anonymous_7)
DA:1,1
DA:2,1
DA:3,1
DA:13,1
DA:14,3
DA:15,2
DA:16,2
DA:17,2
DA:18,2
DA:19,2
DA:31,1
LF:11
LH:11
BRF:0
BRH:0
end_of_record
TN:
SF:src\components\ComplexComponents\CardTextBtn\styles.ts
FN:4,(anonymous_7)
FN:24,(anonymous_8)
FNF:2
FNH:2
FNDA:2,(anonymous_7)
FNDA:2,(anonymous_8)
DA:1,1
DA:3,1
DA:4,2
DA:23,1
DA:24,2
LF:5
LH:5
BRDA:3,0,0,1
BRDA:3,0,1,1
BRDA:4,1,0,2
BRDA:4,1,1,1
BRDA:23,2,0,1
BRDA:23,2,1,1
BRDA:24,3,0,2
BRDA:24,3,1,1
BRF:8
BRH:8
end_of_record
TN:
SF:src\components\ComplexComponents\Header\index.tsx
FN:18,(anonymous_7)
FN:33,(anonymous_8)
FN:50,(anonymous_9)
FN:56,(anonymous_10)
FN:57,(anonymous_11)
FN:61,(anonymous_12)
FN:66,(anonymous_13)
FNF:7
FNH:6
FNDA:15,(anonymous_7)
FNDA:9,(anonymous_8)
FNDA:15,(anonymous_9)
FNDA:9,(anonymous_10)
FNDA:0,(anonymous_11)
FNDA:9,(anonymous_12)
FNDA:3,(anonymous_13)
DA:1,1
DA:2,1
DA:3,1
DA:5,1
DA:7,1
DA:8,1
DA:9,1
DA:10,1
DA:11,1
DA:18,1
DA:19,15
DA:20,15
DA:25,15
DA:33,1
DA:34,9
DA:36,0
DA:38,0
DA:40,9
DA:42,0
DA:44,0
DA:46,0
DA:50,15
DA:51,15
DA:52,15
DA:53,15
DA:54,15
DA:56,15
DA:57,9
DA:58,0
DA:60,9
DA:61,9
DA:62,9
DA:66,15
DA:67,3
DA:68,3
DA:71,15
DA:132,1
LF:37
LH:31
BRDA:35,0,0,0
BRDA:35,0,1,0
BRDA:35,0,2,9
BRDA:35,0,3,0
BRDA:35,0,4,0
BRDA:35,0,5,0
BRDA:50,1,0,0
BRDA:50,1,1,15
BRDA:58,2,0,0
BRDA:75,3,0,4
BRDA:75,3,1,11
BRDA:91,4,0,15
BRDA:91,4,1,9
BRDA:115,5,0,4
BRDA:115,5,1,11
BRF:15
BRH:8
end_of_record
TN:
SF:src\components\ComplexComponents\Header\styles.ts
FN:15,(anonymous_7)
FN:44,(anonymous_8)
FN:46,(anonymous_9)
FN:70,(anonymous_10)
FN:107,(anonymous_11)
FN:120,(anonymous_12)
FNF:6
FNH:6
FNDA:15,(anonymous_7)
FNDA:30,(anonymous_8)
FNDA:15,(anonymous_9)
FNDA:15,(anonymous_10)
FNDA:15,(anonymous_11)
FNDA:22,(anonymous_12)
DA:1,1
DA:2,1
DA:3,1
DA:5,1
DA:14,1
DA:15,15
DA:43,1
DA:44,30
DA:46,15
DA:69,1
DA:70,15
DA:106,1
DA:107,15
DA:119,1
DA:120,22
DA:134,1
LF:16
LH:16
BRDA:14,0,0,1
BRDA:14,0,1,1
BRDA:15,1,0,15
BRDA:15,1,1,1
BRDA:32,2,0,15
BRDA:32,2,1,0
BRDA:33,3,0,0
BRDA:33,3,1,0
BRDA:45,4,0,1
BRDA:45,4,1,1
BRDA:46,5,0,15
BRDA:46,5,1,1
BRDA:47,6,0,3
BRDA:47,6,1,12
BRDA:60,7,0,15
BRDA:60,7,1,1
BRDA:69,8,0,1
BRDA:69,8,1,1
BRDA:70,9,0,15
BRDA:70,9,1,1
BRDA:106,10,0,1
BRDA:106,10,1,1
BRDA:107,11,0,15
BRDA:107,11,1,1
BRDA:113,12,0,15
BRDA:113,12,1,1
BRDA:119,13,0,1
BRDA:119,13,1,1
BRDA:120,14,0,22
BRDA:120,14,1,1
BRDA:126,15,0,22
BRDA:126,15,1,0
BRDA:127,16,0,0
BRDA:127,16,1,0
BRDA:134,17,0,1
BRDA:134,17,1,1
BRF:36
BRH:30
end_of_record
TN:
SF:src\components\ComplexComponents\Menu\index.tsx
FN:20,(anonymous_7)
FN:27,(anonymous_8)
FN:31,(anonymous_9)
FN:32,(anonymous_10)
FN:38,(anonymous_11)
FN:43,(anonymous_12)
FN:44,(anonymous_13)
FN:48,(anonymous_14)
FN:53,(anonymous_15)
FN:91,(anonymous_16)
FN:132,(anonymous_17)
FNF:11
FNH:9
FNDA:3,(anonymous_7)
FNDA:3,(anonymous_8)
FNDA:3,(anonymous_9)
FNDA:0,(anonymous_10)
FNDA:3,(anonymous_11)
FNDA:3,(anonymous_12)
FNDA:1,(anonymous_13)
FNDA:3,(anonymous_14)
FNDA:0,(anonymous_15)
FNDA:9,(anonymous_16)
FNDA:9,(anonymous_17)
DA:1,1
DA:2,1
DA:3,1
DA:4,1
DA:5,1
DA:7,1
DA:9,1
DA:10,1
DA:11,1
DA:13,1
DA:20,3
DA:21,3
DA:22,3
DA:24,3
DA:25,3
DA:27,3
DA:28,3
DA:31,3
DA:32,3
DA:33,0
DA:36,3
DA:38,3
DA:39,3
DA:43,3
DA:44,3
DA:45,1
DA:47,3
DA:48,3
DA:49,3
DA:53,3
DA:54,0
DA:55,0
DA:58,3
DA:91,9
DA:132,9
DA:150,1
LF:36
LH:33
BRDA:20,0,0,0
BRDA:20,0,1,3
BRDA:45,1,0,0
BRDA:62,2,0,3
BRDA:62,2,1,0
BRDA:79,3,0,0
BRDA:79,3,1,3
BRDA:120,4,0,0
BRDA:120,4,1,3
BRF:9
BRH:4
end_of_record
TN:
SF:src\components\ComplexComponents\Menu\menu.list.tsx
FN:5,(anonymous_2)
FN:39,(anonymous_3)
FN:41,(anonymous_4)
FN:42,(anonymous_5)
FN:48,(anonymous_6)
FN:50,(anonymous_7)
FN:51,(anonymous_8)
FNF:7
FNH:7
FNDA:1,(anonymous_2)
FNDA:3,(anonymous_3)
FNDA:9,(anonymous_4)
FNDA:9,(anonymous_5)
FNDA:3,(anonymous_6)
FNDA:9,(anonymous_7)
FNDA:9,(anonymous_8)
DA:1,1
DA:2,1
DA:3,1
DA:5,1
DA:6,1
DA:7,1
DA:10,1
DA:12,1
DA:39,1
DA:40,3
DA:41,9
DA:42,9
DA:48,1
DA:49,3
DA:50,9
DA:51,9
DA:57,1
LF:17
LH:17
BRDA:5,0,0,1
BRDA:5,0,1,1
BRF:2
BRH:2
end_of_record
TN:
SF:src\components\ComplexComponents\Menu\styles.ts
FN:10,(anonymous_8)
FN:12,(anonymous_9)
FN:41,(anonymous_10)
FN:86,(anonymous_11)
FN:103,(anonymous_12)
FN:117,(anonymous_13)
FN:142,(anonymous_14)
FN:144,(anonymous_15)
FN:167,(anonymous_16)
FN:186,(anonymous_17)
FN:200,(anonymous_18)
FN:210,(anonymous_19)
FN:226,(anonymous_20)
FN:245,(anonymous_21)
FN:247,(anonymous_22)
FNF:15
FNH:10
FNDA:0,(anonymous_8)
FNDA:0,(anonymous_9)
FNDA:3,(anonymous_10)
FNDA:3,(anonymous_11)
FNDA:6,(anonymous_12)
FNDA:12,(anonymous_13)
FNDA:0,(anonymous_14)
FNDA:0,(anonymous_15)
FNDA:3,(anonymous_16)
FNDA:3,(anonymous_17)
FNDA:0,(anonymous_18)
FNDA:3,(anonymous_19)
FNDA:3,(anonymous_20)
FNDA:27,(anonymous_21)
FNDA:9,(anonymous_22)
DA:1,1
DA:2,1
DA:3,1
DA:9,1
DA:10,0
DA:12,0
DA:40,1
DA:41,3
DA:85,1
DA:86,3
DA:97,1
DA:102,1
DA:103,6
DA:116,1
DA:117,12
DA:141,1
DA:142,0
DA:144,0
DA:166,1
DA:167,3
DA:185,1
DA:186,3
DA:199,1
DA:200,0
DA:209,1
DA:210,3
DA:225,1
DA:226,3
DA:244,1
DA:245,27
DA:247,9
LF:31
LH:26
BRDA:11,0,0,1
BRDA:11,0,1,1
BRDA:12,1,0,0
BRDA:12,1,1,0
BRDA:13,2,0,0
BRDA:13,2,1,0
BRDA:40,3,0,1
BRDA:40,3,1,1
BRDA:41,4,0,3
BRDA:41,4,1,1
BRDA:68,5,0,3
BRDA:68,5,1,1
BRDA:77,6,0,3
BRDA:77,6,1,0
BRDA:78,7,0,0
BRDA:78,7,1,0
BRDA:85,8,0,1
BRDA:85,8,1,1
BRDA:86,9,0,3
BRDA:86,9,1,1
BRDA:97,10,0,1
BRDA:97,10,1,1
BRDA:102,11,0,1
BRDA:102,11,1,1
BRDA:103,12,0,6
BRDA:103,12,1,1
BRDA:116,13,0,1
BRDA:116,13,1,1
BRDA:117,14,0,12
BRDA:117,14,1,1
BRDA:118,15,0,0
BRDA:118,15,1,12
BRDA:119,16,0,0
BRDA:119,16,1,12
BRDA:122,17,0,12
BRDA:122,17,1,0
BRDA:131,18,0,0
BRDA:131,18,1,12
BRDA:132,19,0,0
BRDA:132,19,1,12
BRDA:143,20,0,1
BRDA:143,20,1,1
BRDA:144,21,0,0
BRDA:144,21,1,0
BRDA:152,22,0,0
BRDA:152,22,1,0
BRDA:153,23,0,0
BRDA:153,23,1,0
BRDA:166,24,0,1
BRDA:166,24,1,1
BRDA:167,25,0,3
BRDA:167,25,1,1
BRDA:176,26,0,3
BRDA:176,26,1,1
BRDA:185,27,0,1
BRDA:185,27,1,1
BRDA:186,28,0,3
BRDA:186,28,1,1
BRDA:199,29,0,1
BRDA:199,29,1,1
BRDA:200,30,0,0
BRDA:200,30,1,0
BRDA:209,31,0,1
BRDA:209,31,1,1
BRDA:210,32,0,3
BRDA:210,32,1,1
BRDA:225,33,0,1
BRDA:225,33,1,1
BRDA:226,34,0,3
BRDA:226,34,1,1
BRDA:246,35,0,1
BRDA:246,35,1,1
BRDA:247,36,0,9
BRDA:247,36,1,1
BRDA:265,37,0,0
BRDA:265,37,1,9
BRF:76
BRH:55
end_of_record
TN:
SF:src\components\ComplexComponents\SlideGallery\index.tsx
FN:14,(anonymous_7)
FN:21,(anonymous_8)
FN:22,(anonymous_9)
FN:34,(anonymous_10)
FNF:4
FNH:4
FNDA:3,(anonymous_7)
FNDA:9,(anonymous_8)
FNDA:6,(anonymous_9)
FNDA:9,(anonymous_10)
DA:1,1
DA:5,1
DA:6,1
DA:7,1
DA:14,3
DA:15,3
DA:16,3
DA:21,9
DA:22,6
DA:34,9
DA:43,1
LF:11
LH:11
BRF:0
BRH:0
end_of_record
TN:
SF:src\components\ComplexComponents\SlideGallery\styles.ts
FN:19,(anonymous_7)
FN:33,(anonymous_8)
FNF:2
FNH:2
FNDA:3,(anonymous_7)
FNDA:3,(anonymous_8)
DA:1,1
DA:2,1
DA:4,1
DA:13,1
DA:18,1
DA:19,3
DA:30,1
DA:32,1
DA:33,3
LF:9
LH:9
BRDA:4,0,0,1
BRDA:4,0,1,1
BRDA:13,1,0,1
BRDA:13,1,1,1
BRDA:18,2,0,1
BRDA:18,2,1,1
BRDA:19,3,0,3
BRDA:19,3,1,1
BRDA:26,4,0,0
BRDA:26,4,1,3
BRDA:30,5,0,1
BRDA:30,5,1,1
BRDA:32,6,0,1
BRDA:32,6,1,1
BRDA:33,7,0,3
BRDA:33,7,1,1
BRF:16
BRH:15
end_of_record
TN:
SF:src\components\ComplexComponents\SlideItem\index.tsx
FN:38,(anonymous_6)
FN:44,(anonymous_7)
FNF:2
FNH:2
FNDA:9,(anonymous_6)
FNDA:2,(anonymous_7)
DA:1,2
DA:3,2
DA:38,9
DA:39,9
DA:44,2
DA:61,2
LF:6
LH:6
BRF:0
BRH:0
end_of_record
TN:
SF:src\components\ComplexComponents\SlideItem\styles.ts
FN:9,(anonymous_8)
FN:11,(anonymous_9)
FN:34,(anonymous_10)
FN:48,(anonymous_11)
FNF:4
FNH:4
FNDA:45,(anonymous_8)
FNDA:9,(anonymous_9)
FNDA:9,(anonymous_10)
FNDA:9,(anonymous_11)
DA:1,2
DA:2,2
DA:8,2
DA:9,45
DA:11,9
DA:33,2
DA:34,9
DA:47,2
DA:48,9
LF:9
LH:9
BRDA:10,0,0,2
BRDA:10,0,1,2
BRDA:11,1,0,9
BRDA:11,1,1,2
BRDA:12,2,0,8
BRDA:12,2,1,1
BRDA:27,3,0,9
BRDA:27,3,1,2
BRDA:33,4,0,2
BRDA:33,4,1,2
BRDA:34,5,0,9
BRDA:34,5,1,2
BRDA:47,6,0,2
BRDA:47,6,1,2
BRDA:48,7,0,9
BRDA:48,7,1,2
BRF:16
BRH:16
end_of_record
TN:
SF:src\components\SimpleComponents\Accordion\index.tsx
FN:18,(anonymous_7)
FN:31,(anonymous_8)
FNF:2
FNH:2
FNDA:13,(anonymous_7)
FNDA:3,(anonymous_8)
DA:1,1
DA:2,1
DA:4,1
DA:7,1
DA:18,1
DA:19,13
DA:20,12
DA:21,12
DA:22,12
DA:23,12
DA:24,12
DA:26,12
DA:28,12
DA:32,3
DA:33,3
DA:60,1
LF:16
LH:16
BRDA:22,0,0,11
BRDA:22,0,1,1
BRDA:23,1,0,11
BRDA:23,1,1,1
BRDA:33,2,0,3
BRDA:33,2,1,0
BRDA:33,2,2,0
BRDA:40,3,0,1
BRDA:40,3,1,11
BRDA:40,4,0,12
BRDA:40,4,1,12
BRF:11
BRH:9
end_of_record
TN:
SF:src\components\SimpleComponents\Accordion\styles.ts
FN:8,(anonymous_7)
FN:14,(anonymous_8)
FN:29,(anonymous_9)
FN:45,(anonymous_10)
FN:52,(anonymous_11)
FNF:5
FNH:5
FNDA:12,(anonymous_7)
FNDA:12,(anonymous_8)
FNDA:12,(anonymous_9)
FNDA:12,(anonymous_10)
FNDA:12,(anonymous_11)
DA:1,1
DA:7,1
DA:8,12
DA:13,1
DA:14,12
DA:28,1
DA:29,12
DA:44,1
DA:45,12
DA:51,1
DA:52,12
LF:11
LH:11
BRDA:7,0,0,1
BRDA:7,0,1,1
BRDA:8,1,0,12
BRDA:8,1,1,1
BRDA:13,2,0,1
BRDA:13,2,1,1
BRDA:14,3,0,12
BRDA:14,3,1,1
BRDA:28,4,0,1
BRDA:28,4,1,1
BRDA:29,5,0,12
BRDA:29,5,1,1
BRDA:33,6,0,3
BRDA:33,6,1,9
BRDA:44,7,0,1
BRDA:44,7,1,1
BRDA:45,8,0,12
BRDA:45,8,1,1
BRDA:46,9,0,3
BRDA:46,9,1,9
BRDA:51,10,0,1
BRDA:51,10,1,1
BRDA:52,11,0,12
BRDA:52,11,1,1
BRF:24
BRH:24
end_of_record
TN:
SF:src\components\SimpleComponents\Avatar\index.tsx
FN:17,(anonymous_7)
FN:31,(anonymous_8)
FN:40,(anonymous_9)
FN:46,(anonymous_10)
FNF:4
FNH:4
FNDA:15,(anonymous_7)
FNDA:4,(anonymous_8)
FNDA:1,(anonymous_9)
FNDA:1,(anonymous_10)
DA:1,2
DA:3,2
DA:4,2
DA:5,2
DA:7,2
DA:9,2
DA:17,15
DA:18,14
DA:20,14
DA:31,4
DA:40,1
DA:46,1
DA:55,2
LF:13
LH:13
BRDA:23,0,0,13
BRDA:23,0,1,1
BRDA:37,1,0,4
BRDA:37,1,1,10
BRF:4
BRH:4
end_of_record
TN:
SF:src\components\SimpleComponents\Avatar\styles.ts
FN:4,(anonymous_7)
FN:20,(anonymous_8)
FN:62,(anonymous_9)
FN:77,(anonymous_10)
FNF:4
FNH:4
FNDA:14,(anonymous_7)
FNDA:13,(anonymous_8)
FNDA:14,(anonymous_9)
FNDA:28,(anonymous_10)
DA:1,2
DA:3,2
DA:4,14
DA:19,2
DA:20,13
DA:34,2
DA:61,2
DA:62,14
DA:76,2
DA:77,28
LF:10
LH:10
BRDA:3,0,0,2
BRDA:3,0,1,2
BRDA:4,1,0,14
BRDA:4,1,1,1
BRDA:19,2,0,2
BRDA:19,2,1,2
BRDA:20,3,0,13
BRDA:20,3,1,1
BRDA:34,4,0,2
BRDA:34,4,1,2
BRDA:61,5,0,2
BRDA:61,5,1,2
BRDA:62,6,0,14
BRDA:62,6,1,1
BRDA:66,7,0,4
BRDA:66,7,1,10
BRDA:67,8,0,4
BRDA:67,8,1,10
BRDA:76,9,0,2
BRDA:76,9,1,2
BRDA:77,10,0,28
BRDA:77,10,1,1
BRF:22
BRH:22
end_of_record
TN:
SF:src\components\SimpleComponents\Banner\index.tsx
FN:22,(anonymous_7)
FN:33,(anonymous_8)
FNF:2
FNH:2
FNDA:9,(anonymous_7)
FNDA:9,(anonymous_8)
DA:1,1
DA:2,1
DA:3,1
DA:4,1
DA:5,1
DA:6,1
DA:7,1
DA:22,1
DA:23,9
DA:33,9
DA:34,9
DA:44,1
LF:12
LH:12
BRF:0
BRH:0
end_of_record
TN:
SF:src\components\SimpleComponents\Banner\styles.ts
FN:24,(anonymous_8)
FN:33,(anonymous_9)
FN:59,(anonymous_10)
FNF:3
FNH:3
FNDA:9,(anonymous_8)
FNDA:9,(anonymous_9)
FNDA:9,(anonymous_10)
DA:1,1
DA:2,1
DA:5,1
DA:14,1
DA:23,1
DA:24,9
DA:32,1
DA:33,9
DA:58,1
DA:59,9
LF:10
LH:10
BRDA:23,0,0,1
BRDA:23,0,1,1
BRDA:24,1,0,9
BRDA:24,1,1,1
BRDA:32,2,0,1
BRDA:32,2,1,1
BRDA:33,3,0,0
BRDA:33,3,1,9
BRDA:33,4,0,9
BRDA:33,4,1,1
BRDA:58,5,0,1
BRDA:58,5,1,1
BRDA:59,6,0,9
BRDA:59,6,1,1
BRF:14
BRH:13
end_of_record
TN:
SF:src\components\SimpleComponents\BannerUlifeRedirect\index.tsx
FN:15,(anonymous_7)
FN:27,(anonymous_8)
FNF:2
FNH:2
FNDA:5,(anonymous_7)
FNDA:5,(anonymous_8)
DA:1,1
DA:2,1
DA:3,1
DA:4,1
DA:5,1
DA:6,1
DA:15,1
DA:18,5
DA:27,1
DA:28,5
DA:29,5
DA:30,5
DA:31,5
DA:33,5
DA:57,1
LF:15
LH:15
BRDA:37,0,0,5
BRDA:37,0,1,1
BRDA:47,1,0,5
BRDA:47,1,1,1
BRF:4
BRH:4
end_of_record
TN:
SF:src\components\SimpleComponents\BannerUlifeRedirect\styles.ts
FN:5,(anonymous_8)
FN:13,(anonymous_9)
FN:23,(anonymous_10)
FN:31,(anonymous_11)
FN:41,(anonymous_12)
FN:55,(anonymous_13)
FN:81,(anonymous_14)
FNF:7
FNH:3
FNDA:0,(anonymous_8)
FNDA:0,(anonymous_9)
FNDA:0,(anonymous_10)
FNDA:5,(anonymous_11)
FNDA:0,(anonymous_12)
FNDA:5,(anonymous_13)
FNDA:5,(anonymous_14)
DA:1,1
DA:2,1
DA:4,1
DA:5,0
DA:13,0
DA:23,0
DA:31,5
DA:41,0
DA:54,1
DA:55,5
DA:80,1
DA:81,5
LF:12
LH:8
BRDA:5,0,0,0
BRDA:5,0,1,0
BRDA:13,1,0,0
BRDA:13,1,1,0
BRDA:23,2,0,0
BRDA:23,2,1,0
BRDA:31,3,0,5
BRDA:31,3,1,1
BRDA:41,4,0,0
BRDA:41,4,1,0
BRDA:54,5,0,1
BRDA:54,5,1,1
BRDA:55,6,0,5
BRDA:55,6,1,1
BRDA:67,7,0,5
BRDA:67,7,1,5
BRDA:69,8,0,5
BRDA:69,8,1,1
BRDA:80,9,0,1
BRDA:80,9,1,1
BRDA:81,10,0,5
BRDA:81,10,1,1
BRDA:90,11,0,5
BRDA:90,11,1,1
BRF:24
BRH:16
end_of_record
TN:
SF:src\components\SimpleComponents\BarButton\index.tsx
FN:13,(anonymous_9)
FN:19,(anonymous_10)
FNF:2
FNH:2
FNDA:3,(anonymous_9)
FNDA:1,(anonymous_10)
DA:1,1
DA:4,1
DA:13,3
DA:14,3
DA:15,3
DA:17,3
DA:20,1
DA:21,1
DA:29,1
LF:9
LH:9
BRF:0
BRH:0
end_of_record
TN:
SF:src\components\SimpleComponents\BarButton\styles.ts
FN:4,(anonymous_7)
FNF:1
FNH:1
FNDA:3,(anonymous_7)
DA:1,1
DA:3,1
DA:4,3
LF:3
LH:3
BRDA:3,0,0,1
BRDA:3,0,1,1
BRDA:4,1,0,3
BRDA:4,1,1,1
BRF:4
BRH:4
end_of_record
TN:
SF:src\components\SimpleComponents\Box\index.tsx
FN:7,(anonymous_6)
FNF:1
FNH:1
FNDA:1,(anonymous_6)
DA:1,2
DA:7,2
DA:9,2
LF:3
LH:3
BRF:0
BRH:0
end_of_record
TN:
SF:src\components\SimpleComponents\Box\styles.ts
FN:4,(anonymous_7)
FNF:1
FNH:1
FNDA:1,(anonymous_7)
DA:1,2
DA:3,2
DA:4,1
LF:3
LH:3
BRDA:3,0,0,2
BRDA:3,0,1,2
BRDA:4,1,0,1
BRDA:4,1,1,1
BRF:4
BRH:4
end_of_record
TN:
SF:src\components\SimpleComponents\Breadcrumb\index.tsx
FN:12,(anonymous_6)
FN:29,(anonymous_7)
FNF:2
FNH:2
FNDA:7,(anonymous_6)
FNDA:7,(anonymous_7)
DA:1,2
DA:2,2
DA:4,2
DA:12,2
DA:13,7
DA:14,7
DA:15,7
DA:17,7
DA:19,7
DA:29,7
DA:43,2
LF:11
LH:11
BRDA:15,0,0,6
BRDA:15,0,1,1
BRDA:21,1,0,7
BRDA:21,1,1,6
BRDA:32,2,0,7
BRDA:32,2,1,0
BRF:6
BRH:5
end_of_record
TN:
SF:src\components\SimpleComponents\Breadcrumb\styles.ts
FN:18,(anonymous_8)
FN:32,(anonymous_9)
FNF:2
FNH:2
FNDA:6,(anonymous_8)
FNDA:7,(anonymous_9)
DA:1,2
DA:2,2
DA:4,2
DA:10,2
DA:17,2
DA:18,6
DA:31,2
DA:32,7
LF:8
LH:8
BRDA:4,0,0,2
BRDA:4,0,1,2
BRDA:10,1,0,2
BRDA:10,1,1,2
BRDA:17,2,0,2
BRDA:17,2,1,2
BRDA:18,3,0,6
BRDA:18,3,1,1
BRDA:31,4,0,2
BRDA:31,4,1,2
BRDA:32,5,0,7
BRDA:32,5,1,1
BRDA:38,6,0,7
BRDA:38,6,1,1
BRF:14
BRH:14
end_of_record
TN:
SF:src\components\SimpleComponents\Button\index.tsx
FN:33,(anonymous_9)
FNF:1
FNH:1
FNDA:136,(anonymous_9)
DA:1,16
DA:7,16
DA:33,16
DA:35,136
DA:36,128
DA:37,128
DA:38,128
DA:39,128
DA:40,128
DA:41,128
DA:42,128
DA:43,128
DA:44,128
DA:45,128
DA:46,128
DA:49,128
DA:69,16
LF:17
LH:17
BRDA:38,0,0,16
BRDA:38,0,1,112
BRDA:39,1,0,53
BRDA:39,1,1,75
BRDA:41,2,0,128
BRDA:41,2,1,0
BRDA:42,3,0,91
BRDA:42,3,1,37
BRDA:43,4,0,127
BRDA:43,4,1,1
BRDA:44,5,0,128
BRDA:44,5,1,0
BRDA:45,6,0,98
BRDA:45,6,1,30
BRDA:64,7,0,128
BRDA:64,7,1,1
BRDA:65,8,0,128
BRDA:65,8,1,115
BRF:18
BRH:16
end_of_record
TN:
SF:src\components\SimpleComponents\Button\styles.ts
FN:19,(anonymous_7)
FN:26,(anonymous_8)
FN:33,(anonymous_9)
FN:39,(anonymous_10)
FN:42,(anonymous_11)
FN:52,(anonymous_12)
FN:68,(anonymous_13)
FN:72,(anonymous_14)
FN:90,(anonymous_15)
FNF:9
FNH:8
FNDA:29,(anonymous_7)
FNDA:98,(anonymous_8)
FNDA:1,(anonymous_9)
FNDA:0,(anonymous_10)
FNDA:30,(anonymous_11)
FNDA:37,(anonymous_12)
FNDA:1,(anonymous_13)
FNDA:1,(anonymous_14)
FNDA:128,(anonymous_15)
DA:1,16
DA:18,16
DA:19,29
DA:26,98
DA:33,1
DA:39,0
DA:42,30
DA:56,37
DA:68,1
DA:74,1
DA:75,1
DA:89,16
DA:91,128
DA:92,128
DA:93,128
DA:94,128
DA:95,128
DA:96,128
DA:97,128
DA:98,128
DA:99,128
DA:100,128
DA:101,128
LF:23
LH:22
BRDA:19,0,0,29
BRDA:19,0,1,2
BRDA:26,1,0,98
BRDA:26,1,1,7
BRDA:29,2,0,2
BRDA:29,2,1,96
BRDA:29,3,0,98
BRDA:29,3,1,98
BRDA:30,4,0,2
BRDA:30,4,1,96
BRDA:30,5,0,98
BRDA:30,5,1,98
BRDA:31,6,0,2
BRDA:31,6,1,96
BRDA:31,7,0,98
BRDA:31,7,1,98
BRDA:31,8,0,2
BRDA:31,8,1,96
BRDA:31,9,0,98
BRDA:31,9,1,98
BRDA:33,10,0,1
BRDA:33,10,1,1
BRDA:35,11,0,0
BRDA:35,11,1,1
BRDA:35,12,0,1
BRDA:35,12,1,1
BRDA:35,13,0,0
BRDA:35,13,1,1
BRDA:35,14,0,1
BRDA:35,14,1,1
BRDA:35,15,0,0
BRDA:35,15,1,1
BRDA:35,16,0,1
BRDA:35,16,1,1
BRDA:36,17,0,0
BRDA:36,17,1,1
BRDA:36,18,0,1
BRDA:36,18,1,1
BRDA:36,19,0,0
BRDA:36,19,1,1
BRDA:36,20,0,1
BRDA:36,20,1,1
BRDA:36,21,0,0
BRDA:36,21,1,1
BRDA:36,22,0,1
BRDA:36,22,1,1
BRDA:37,23,0,0
BRDA:37,23,1,1
BRDA:37,24,0,1
BRDA:37,24,1,1
BRDA:37,25,0,0
BRDA:37,25,1,1
BRDA:37,26,0,1
BRDA:37,26,1,1
BRDA:37,27,0,0
BRDA:37,27,1,1
BRDA:37,28,0,1
BRDA:37,28,1,1
BRDA:37,29,0,0
BRDA:37,29,1,1
BRDA:37,30,0,1
BRDA:37,30,1,1
BRDA:39,31,0,0
BRDA:39,31,1,0
BRDA:42,32,0,30
BRDA:42,32,1,2
BRDA:56,33,0,37
BRDA:56,33,1,3
BRDA:60,34,0,35
BRDA:60,34,1,2
BRDA:58,35,0,0
BRDA:58,35,1,37
BRDA:58,36,0,37
BRDA:58,36,1,37
BRDA:59,37,0,37
BRDA:59,37,1,37
BRDA:68,38,0,1
BRDA:68,38,1,1
BRDA:74,39,0,0
BRDA:75,40,0,1
BRDA:75,40,1,1
BRDA:79,41,0,1
BRDA:79,41,1,1
BRDA:80,42,0,1
BRDA:80,42,1,0
BRDA:84,43,0,1
BRDA:84,43,1,0
BRDA:89,44,0,16
BRDA:89,44,1,16
BRDA:101,45,0,128
BRDA:101,45,1,8
BRDA:106,46,0,2
BRDA:106,46,1,126
BRDA:106,47,0,128
BRDA:106,47,1,128
BRDA:107,48,0,128
BRDA:107,48,1,128
BRDA:107,49,0,2
BRDA:107,49,1,126
BRDA:107,50,0,128
BRDA:107,50,1,128
BRDA:110,51,0,36
BRDA:110,51,1,92
BRDA:108,52,0,128
BRDA:108,52,1,128
BRDA:110,53,0,0
BRDA:110,53,1,36
BRDA:110,54,0,36
BRDA:110,54,1,36
BRDA:111,55,0,2
BRDA:111,55,1,90
BRDA:111,56,0,92
BRDA:111,56,1,92
BRDA:113,57,0,2
BRDA:113,57,1,126
BRDA:113,58,0,128
BRDA:113,58,1,128
BRDA:114,59,0,2
BRDA:114,59,1,126
BRDA:114,60,0,128
BRDA:114,60,1,128
BRDA:116,61,0,2
BRDA:116,61,1,126
BRDA:116,62,0,128
BRDA:116,62,1,128
BRDA:127,63,0,2
BRDA:127,63,1,126
BRDA:127,64,0,128
BRDA:127,64,1,128
BRDA:130,65,0,128
BRDA:130,65,1,128
BRDA:132,66,0,128
BRDA:132,66,1,37
BRDA:132,66,2,37
BRDA:135,67,0,128
BRDA:135,67,1,1
BRDA:136,68,0,128
BRDA:136,68,1,0
BRDA:137,69,0,128
BRDA:137,69,1,30
BRDA:138,70,0,128
BRDA:138,70,1,1
BRF:142
BRH:124
end_of_record
TN:
SF:src\components\SimpleComponents\Checkbox\index.tsx
FN:12,(anonymous_6)
FN:18,(anonymous_7)
FN:24,(anonymous_8)
FN:29,(anonymous_9)
FNF:4
FNH:4
FNDA:241,(anonymous_6)
FNDA:5,(anonymous_7)
FNDA:5,(anonymous_8)
FNDA:5,(anonymous_9)
DA:1,2
DA:2,2
DA:4,2
DA:5,2
DA:12,241
DA:13,241
DA:14,241
DA:15,241
DA:16,41
DA:18,241
DA:19,5
DA:20,5
DA:23,241
DA:24,5
DA:29,5
DA:36,2
LF:16
LH:16
BRDA:12,0,0,9
BRDA:12,0,1,232
BRDA:15,1,0,41
BRDA:15,2,0,241
BRDA:15,2,1,179
BRDA:31,3,0,241
BRDA:31,3,1,45
BRF:7
BRH:7
end_of_record
TN:
SF:src\components\SimpleComponents\Checkbox\styles.ts
FN:5,(anonymous_7)
FNF:1
FNH:1
FNDA:200,(anonymous_7)
DA:1,2
DA:2,2
DA:4,2
DA:5,200
DA:18,2
LF:5
LH:5
BRDA:4,0,0,2
BRDA:4,0,1,2
BRDA:5,1,0,200
BRDA:5,1,1,2
BRDA:18,2,0,2
BRDA:18,2,1,2
BRF:6
BRH:6
end_of_record
TN:
SF:src\components\SimpleComponents\ConfirmModal\index.tsx
FN:22,(anonymous_7)
FNF:1
FNH:1
FNDA:11,(anonymous_7)
DA:1,1
DA:2,1
DA:4,1
DA:5,1
DA:7,1
DA:9,1
DA:20,1
DA:22,1
DA:23,11
DA:24,10
DA:25,10
DA:26,10
DA:27,10
DA:28,10
DA:30,10
DA:31,10
DA:33,9
DA:76,1
LF:18
LH:18
BRDA:23,0,0,9
BRDA:23,0,1,1
BRDA:25,1,0,0
BRDA:25,1,1,10
BRDA:31,2,0,1
BRDA:43,3,0,9
BRDA:43,3,1,8
BRDA:48,4,0,8
BRDA:48,4,1,1
BRDA:48,5,0,9
BRDA:48,5,1,9
BRDA:68,6,0,9
BRDA:68,6,1,8
BRF:13
BRH:12
end_of_record
TN:
SF:src\components\SimpleComponents\ConfirmModal\styles.ts
FN:5,(anonymous_8)
FN:23,(anonymous_9)
FN:51,(anonymous_10)
FN:95,(anonymous_11)
FN:113,(anonymous_12)
FNF:5
FNH:3
FNDA:9,(anonymous_8)
FNDA:9,(anonymous_9)
FNDA:0,(anonymous_10)
FNDA:9,(anonymous_11)
FNDA:0,(anonymous_12)
DA:1,1
DA:2,1
DA:4,1
DA:5,9
DA:22,1
DA:23,9
DA:50,1
DA:51,0
DA:62,1
DA:94,1
DA:95,9
DA:112,1
DA:113,0
LF:13
LH:11
BRDA:4,0,0,1
BRDA:4,0,1,1
BRDA:5,1,0,9
BRDA:5,1,1,1
BRDA:22,2,0,1
BRDA:22,2,1,1
BRDA:23,3,0,9
BRDA:23,3,1,1
BRDA:38,4,0,9
BRDA:38,4,1,1
BRDA:50,5,0,1
BRDA:50,5,1,1
BRDA:51,6,0,0
BRDA:51,6,1,0
BRDA:62,7,0,1
BRDA:62,7,1,1
BRDA:79,8,0,1
BRDA:79,8,1,1
BRDA:94,9,0,1
BRDA:94,9,1,1
BRDA:95,10,0,9
BRDA:95,10,1,1
BRDA:102,11,0,9
BRDA:102,11,1,1
BRDA:112,12,0,1
BRDA:112,12,1,1
BRDA:113,13,0,0
BRDA:113,13,1,0
BRF:28
BRH:24
end_of_record
TN:
SF:src\components\SimpleComponents\Dropdown\index.tsx
FN:21,(anonymous_9)
FN:37,(anonymous_10)
FN:45,(anonymous_11)
FNF:3
FNH:2
FNDA:3,(anonymous_9)
FNDA:0,(anonymous_10)
FNDA:1,(anonymous_11)
DA:1,3
DA:3,3
DA:5,3
DA:21,3
DA:22,3
DA:23,3
DA:24,3
DA:25,3
DA:26,3
DA:27,3
DA:28,3
DA:29,3
DA:30,3
DA:31,3
DA:32,3
DA:33,3
DA:35,3
DA:37,3
DA:38,0
DA:41,3
DA:45,1
DA:72,3
LF:22
LH:21
BRDA:24,0,0,3
BRDA:24,0,1,0
BRDA:32,1,0,3
BRDA:32,1,1,0
BRDA:38,2,0,0
BRF:5
BRH:2
end_of_record
TN:
SF:src\components\SimpleComponents\Dropdown\styles.ts
FN:17,(anonymous_8)
FN:19,(anonymous_9)
FN:83,(anonymous_10)
FN:134,(anonymous_11)
FN:139,(anonymous_12)
FN:147,(anonymous_13)
FN:149,(anonymous_14)
FN:167,(anonymous_15)
FN:169,(anonymous_16)
FNF:9
FNH:9
FNDA:6,(anonymous_8)
FNDA:3,(anonymous_9)
FNDA:3,(anonymous_10)
FNDA:1,(anonymous_11)
FNDA:2,(anonymous_12)
FNDA:12,(anonymous_13)
FNDA:3,(anonymous_14)
FNDA:6,(anonymous_15)
FNDA:3,(anonymous_16)
DA:1,3
DA:2,3
DA:3,3
DA:16,3
DA:17,6
DA:20,3
DA:21,3
DA:22,3
DA:23,3
DA:24,3
DA:25,3
DA:26,3
DA:27,3
DA:28,3
DA:29,3
DA:82,3
DA:83,3
DA:133,3
DA:134,1
DA:139,2
DA:146,3
DA:147,12
DA:149,3
DA:166,3
DA:167,6
DA:169,3
LF:26
LH:26
BRDA:18,0,0,3
BRDA:18,0,1,3
BRDA:29,1,0,3
BRDA:29,1,1,1
BRDA:34,2,0,0
BRDA:34,2,1,3
BRDA:34,3,0,3
BRDA:34,3,1,0
BRDA:35,4,0,3
BRDA:35,4,1,0
BRDA:36,5,0,3
BRDA:36,5,1,0
BRDA:36,5,2,0
BRDA:37,6,0,3
BRDA:37,6,1,0
BRDA:37,6,2,0
BRDA:39,7,0,0
BRDA:39,7,1,3
BRDA:41,8,0,3
BRDA:41,8,1,0
BRDA:43,9,0,0
BRDA:43,9,1,3
BRDA:46,10,0,3
BRDA:46,10,1,0
BRDA:49,11,0,0
BRDA:49,11,1,3
BRDA:56,12,0,3
BRDA:56,12,1,1
BRDA:62,13,0,0
BRDA:62,13,1,3
BRDA:63,14,0,0
BRDA:63,14,1,3
BRDA:82,15,0,3
BRDA:82,15,1,3
BRDA:83,16,0,3
BRDA:83,16,1,1
BRDA:134,17,0,1
BRDA:134,17,1,1
BRDA:137,18,0,0
BRDA:137,18,1,1
BRDA:139,19,0,2
BRDA:139,19,1,1
BRDA:142,20,0,0
BRDA:142,20,1,2
BRDA:148,21,0,3
BRDA:148,21,1,3
BRDA:149,22,0,3
BRDA:149,22,1,1
BRDA:156,23,0,3
BRDA:156,23,1,1
BRDA:157,24,0,3
BRDA:157,24,1,2
BRDA:168,25,0,3
BRDA:168,25,1,3
BRDA:169,26,0,3
BRDA:169,26,1,1
BRDA:177,27,0,1
BRDA:177,27,1,2
BRF:58
BRH:42
end_of_record
TN:
SF:src\components\SimpleComponents\DropdownList\index.tsx
FN:8,(anonymous_9)
FN:13,(anonymous_10)
FNF:2
FNH:2
FNDA:2,(anonymous_9)
FNDA:4,(anonymous_10)
DA:1,1
DA:2,1
DA:8,2
DA:9,2
DA:11,2
DA:13,4
DA:22,1
LF:7
LH:7
BRF:0
BRH:0
end_of_record
TN:
SF:src\components\SimpleComponents\DropdownList\styles.ts
FN:8,(anonymous_7)
FN:26,(anonymous_8)
FNF:2
FNH:2
FNDA:2,(anonymous_7)
FNDA:4,(anonymous_8)
DA:1,1
DA:7,1
DA:8,2
DA:25,1
DA:26,4
LF:5
LH:5
BRDA:7,0,0,1
BRDA:7,0,1,1
BRDA:8,1,0,2
BRDA:8,1,1,0
BRDA:8,2,0,2
BRDA:8,2,1,1
BRDA:15,3,0,2
BRDA:15,3,1,0
BRDA:25,4,0,1
BRDA:25,4,1,1
BRDA:26,5,0,4
BRDA:26,5,1,0
BRDA:26,6,0,4
BRDA:26,6,1,1
BRF:14
BRH:11
end_of_record
TN:
SF:src\components\SimpleComponents\ErrorModal\index.tsx
FN:15,(anonymous_7)
FNF:1
FNH:1
FNDA:13,(anonymous_7)
DA:1,7
DA:2,7
DA:3,7
DA:5,7
DA:15,7
DA:16,13
DA:17,12
DA:18,12
DA:19,12
DA:20,12
DA:22,12
DA:24,11
DA:67,7
LF:13
LH:13
BRDA:16,0,0,6
BRDA:16,0,1,6
BRDA:17,1,0,7
BRDA:17,1,1,5
BRDA:18,2,0,0
BRDA:18,2,1,12
BRDA:19,3,0,11
BRDA:19,3,1,1
BRDA:22,4,0,1
BRF:9
BRH:8
end_of_record
TN:
SF:src\components\SimpleComponents\ErrorModal\styles.ts
FN:9,(anonymous_8)
FN:27,(anonymous_9)
FN:87,(anonymous_10)
FNF:3
FNH:3
FNDA:11,(anonymous_8)
FNDA:11,(anonymous_9)
FNDA:11,(anonymous_10)
DA:1,7
DA:2,7
DA:8,7
DA:9,11
DA:26,7
DA:27,11
DA:53,7
DA:62,7
DA:78,7
DA:86,7
DA:87,11
LF:11
LH:11
BRDA:8,0,0,7
BRDA:8,0,1,7
BRDA:9,1,0,11
BRDA:9,1,1,1
BRDA:17,2,0,11
BRDA:17,2,1,2
BRDA:17,3,0,2
BRDA:17,3,1,9
BRDA:17,4,0,11
BRDA:17,4,1,11
BRDA:26,5,0,7
BRDA:26,5,1,7
BRDA:27,6,0,11
BRDA:27,6,1,1
BRDA:32,7,0,11
BRDA:32,7,1,2
BRDA:32,8,0,2
BRDA:32,8,1,9
BRDA:32,9,0,11
BRDA:32,9,1,11
BRDA:35,10,0,1
BRDA:35,10,1,10
BRDA:37,11,0,1
BRDA:37,11,1,10
BRDA:38,12,0,11
BRDA:38,12,1,2
BRDA:38,13,0,2
BRDA:38,13,1,9
BRDA:38,14,0,11
BRDA:38,14,1,11
BRDA:41,15,0,11
BRDA:41,15,1,2
BRDA:41,16,0,2
BRDA:41,16,1,9
BRDA:41,17,0,11
BRDA:41,17,1,11
BRDA:42,18,0,11
BRDA:42,18,1,2
BRDA:42,19,0,2
BRDA:42,19,1,9
BRDA:42,20,0,11
BRDA:42,20,1,11
BRDA:44,21,0,11
BRDA:44,21,1,1
BRDA:53,22,0,7
BRDA:53,22,1,7
BRDA:62,23,0,7
BRDA:62,23,1,7
BRDA:78,24,0,7
BRDA:78,24,1,7
BRDA:86,25,0,7
BRDA:86,25,1,7
BRDA:87,26,0,11
BRDA:87,26,1,1
BRDA:89,27,0,2
BRDA:89,27,1,9
BRDA:89,28,0,11
BRDA:89,28,1,11
BRDA:90,29,0,2
BRDA:90,29,1,9
BRDA:90,30,0,11
BRDA:90,30,1,11
BRF:62
BRH:62
end_of_record
TN:
SF:src\components\SimpleComponents\FloatingContainer\index.tsx
FN:12,FloatContainer
FN:20,(anonymous_7)
FN:24,(anonymous_8)
FNF:3
FNH:3
FNDA:7,FloatContainer
FNDA:4,(anonymous_7)
FNDA:1,(anonymous_8)
DA:1,1
DA:2,1
DA:12,1
DA:13,7
DA:14,6
DA:15,6
DA:16,6
DA:18,6
DA:20,6
DA:21,4
DA:24,6
DA:25,1
DA:26,1
DA:29,6
LF:14
LH:14
BRF:0
BRH:0
end_of_record
TN:
SF:src\components\SimpleComponents\FloatingContainer\styles.ts
FN:9,(anonymous_7)
FN:53,(anonymous_8)
FN:67,(anonymous_9)
FN:85,(anonymous_10)
FNF:4
FNH:3
FNDA:6,(anonymous_7)
FNDA:0,(anonymous_8)
FNDA:6,(anonymous_9)
FNDA:6,(anonymous_10)
DA:1,1
DA:8,1
DA:9,6
DA:52,1
DA:53,0
DA:66,1
DA:67,6
DA:84,1
DA:85,6
LF:9
LH:8
BRDA:8,0,0,1
BRDA:8,0,1,1
BRDA:9,1,0,6
BRDA:9,1,1,1
BRDA:16,2,0,3
BRDA:16,2,1,3
BRDA:17,3,0,3
BRDA:17,3,1,3
BRDA:52,4,0,1
BRDA:52,4,1,1
BRDA:53,5,0,0
BRDA:53,5,1,0
BRDA:66,6,0,1
BRDA:66,6,1,1
BRDA:67,7,0,6
BRDA:67,7,1,1
BRDA:84,8,0,1
BRDA:84,8,1,1
BRDA:85,9,0,6
BRDA:85,9,1,1
BRDA:93,10,0,3
BRDA:93,10,1,3
BRF:22
BRH:20
end_of_record
TN:
SF:src\components\SimpleComponents\FormField\index.tsx
FN:15,(anonymous_10)
FNF:1
FNH:1
FNDA:5,(anonymous_10)
DA:3,5
DA:5,5
DA:15,5
DA:16,5
DA:17,4
DA:18,4
DA:19,4
DA:20,4
DA:21,4
DA:23,4
DA:35,5
LF:11
LH:11
BRDA:17,0,0,0
BRDA:17,0,1,4
BRDA:30,1,0,4
BRDA:30,1,1,3
BRF:4
BRH:3
end_of_record
TN:
SF:src\components\SimpleComponents\FormField\styles.ts
FN:19,(anonymous_7)
FNF:1
FNH:1
FNDA:4,(anonymous_7)
DA:1,5
DA:3,5
DA:4,5
DA:11,5
DA:16,5
DA:18,5
DA:19,4
LF:7
LH:7
BRDA:11,0,0,5
BRDA:11,0,1,5
BRDA:18,1,0,5
BRDA:18,1,1,5
BRDA:19,2,0,4
BRDA:19,2,1,1
BRDA:21,3,0,4
BRDA:21,3,1,0
BRDA:22,4,0,4
BRDA:22,4,1,4
BRDA:24,5,0,4
BRDA:24,5,1,0
BRDA:29,6,0,4
BRDA:29,6,1,0
BRDA:40,7,0,4
BRDA:40,7,1,0
BRDA:44,8,0,0
BRDA:44,8,1,0
BRF:18
BRH:12
end_of_record
TN:
SF:src\components\SimpleComponents\FormModal\form.schema.ts
FN:3,buildSchema
FNF:1
FNH:1
FNDA:13,buildSchema
DA:1,1
DA:3,1
DA:4,13
LF:3
LH:3
BRF:0
BRH:0
end_of_record
TN:
SF:src\components\SimpleComponents\FormModal\index.tsx
FN:36,(anonymous_7)
FN:87,(anonymous_8)
FN:100,(anonymous_9)
FNF:3
FNH:3
FNDA:14,(anonymous_7)
FNDA:26,(anonymous_8)
FNDA:2,(anonymous_9)
DA:1,1
DA:2,1
DA:3,1
DA:6,1
DA:7,1
DA:8,1
DA:10,1
DA:11,1
DA:12,1
DA:14,1
DA:15,1
DA:16,1
DA:17,1
DA:19,1
DA:34,1
DA:36,1
DA:37,14
DA:38,13
DA:39,13
DA:40,13
DA:41,13
DA:42,13
DA:43,13
DA:45,13
DA:48,13
DA:49,13
DA:51,13
DA:53,12
DA:87,26
DA:100,2
DA:141,1
LF:31
LH:31
BRDA:37,0,0,12
BRDA:37,0,1,1
BRDA:39,1,0,0
BRDA:39,1,1,13
BRDA:51,2,0,1
BRDA:63,3,0,12
BRDA:63,3,1,12
BRDA:76,4,0,11
BRDA:76,4,1,1
BRDA:76,5,0,12
BRDA:76,5,1,12
BRDA:78,6,0,12
BRDA:78,6,1,0
BRDA:91,7,0,1
BRDA:91,7,1,25
BRDA:103,8,0,1
BRDA:103,8,1,25
BRDA:130,9,0,26
BRDA:130,9,1,26
BRF:19
BRH:17
end_of_record
TN:
SF:src\components\SimpleComponents\FormModal\styles.ts
FN:6,(anonymous_8)
FN:12,(anonymous_9)
FN:30,(anonymous_10)
FN:58,(anonymous_11)
FN:70,(anonymous_12)
FN:91,(anonymous_13)
FN:109,(anonymous_14)
FNF:7
FNH:7
FNDA:12,(anonymous_8)
FNDA:12,(anonymous_9)
FNDA:12,(anonymous_10)
FNDA:12,(anonymous_11)
FNDA:12,(anonymous_12)
FNDA:26,(anonymous_13)
FNDA:12,(anonymous_14)
DA:1,1
DA:2,1
DA:3,1
DA:5,1
DA:6,12
DA:11,1
DA:12,12
DA:29,1
DA:30,12
DA:53,1
DA:57,1
DA:58,12
DA:69,1
DA:70,12
DA:90,1
DA:91,26
DA:108,1
DA:109,12
DA:123,1
LF:19
LH:19
BRDA:5,0,0,1
BRDA:5,0,1,1
BRDA:6,1,0,12
BRDA:6,1,1,1
BRDA:11,2,0,1
BRDA:11,2,1,1
BRDA:12,3,0,12
BRDA:12,3,1,1
BRDA:29,4,0,1
BRDA:29,4,1,1
BRDA:30,5,0,12
BRDA:30,5,1,1
BRDA:45,6,0,12
BRDA:45,6,1,1
BRDA:53,7,0,1
BRDA:53,7,1,1
BRDA:57,8,0,1
BRDA:57,8,1,1
BRDA:58,9,0,12
BRDA:58,9,1,1
BRDA:69,10,0,1
BRDA:69,10,1,1
BRDA:70,11,0,12
BRDA:70,11,1,1
BRDA:90,12,0,1
BRDA:90,12,1,1
BRDA:91,13,0,26
BRDA:91,13,1,1
BRDA:100,14,0,26
BRDA:100,14,1,1
BRDA:108,15,0,1
BRDA:108,15,1,1
BRDA:109,16,0,12
BRDA:109,16,1,1
BRDA:123,17,0,1
BRDA:123,17,1,1
BRF:36
BRH:36
end_of_record
TN:
SF:src\components\SimpleComponents\Heading\index.tsx
FN:14,(anonymous_6)
FNF:1
FNH:1
FNDA:8,(anonymous_6)
DA:1,2
DA:14,2
DA:15,8
DA:16,7
DA:17,7
DA:18,7
DA:19,7
DA:20,7
DA:31,2
LF:9
LH:9
BRDA:16,0,0,6
BRDA:16,0,1,1
BRDA:17,1,0,7
BRDA:17,1,1,0
BRDA:18,2,0,7
BRDA:18,2,1,0
BRDA:19,3,0,6
BRDA:19,3,1,1
BRF:8
BRH:6
end_of_record
TN:
SF:src\components\SimpleComponents\Heading\styles.ts
FN:6,(anonymous_8)
FN:13,(anonymous_9)
FN:20,(anonymous_10)
FN:27,(anonymous_11)
FN:34,(anonymous_12)
FN:45,(anonymous_13)
FNF:6
FNH:3
FNDA:0,(anonymous_8)
FNDA:1,(anonymous_9)
FNDA:6,(anonymous_10)
FNDA:0,(anonymous_11)
FNDA:0,(anonymous_12)
FNDA:7,(anonymous_13)
DA:1,2
DA:2,2
DA:5,2
DA:6,0
DA:13,1
DA:20,6
DA:27,0
DA:37,0
DA:44,2
DA:45,7
LF:10
LH:7
BRDA:6,0,0,0
BRDA:6,0,1,0
BRDA:9,1,0,0
BRDA:9,1,1,0
BRDA:13,2,0,1
BRDA:13,2,1,1
BRDA:16,3,0,1
BRDA:16,3,1,1
BRDA:20,4,0,6
BRDA:20,4,1,1
BRDA:23,5,0,6
BRDA:23,5,1,1
BRDA:27,6,0,0
BRDA:27,6,1,0
BRDA:30,7,0,0
BRDA:30,7,1,0
BRDA:37,8,0,0
BRDA:37,8,1,0
BRDA:44,9,0,2
BRDA:44,9,1,2
BRDA:45,10,0,7
BRDA:45,10,1,1
BRDA:46,11,0,7
BRDA:46,11,1,7
BRDA:50,12,0,7
BRDA:50,12,1,0
BRDA:50,12,2,0
BRDA:53,13,0,7
BRDA:53,13,1,7
BRF:29
BRH:17
end_of_record
TN:
SF:src\components\SimpleComponents\InitialAvatar\index.tsx
FN:10,(anonymous_6)
FN:14,(anonymous_7)
FN:23,(anonymous_8)
FNF:3
FNH:3
FNDA:18,(anonymous_6)
FNDA:11,(anonymous_7)
FNDA:3,(anonymous_8)
DA:1,2
DA:2,2
DA:3,2
DA:10,18
DA:11,18
DA:12,18
DA:14,18
DA:15,11
DA:17,11
DA:18,11
DA:19,8
DA:20,8
DA:23,3
DA:24,3
DA:25,3
DA:27,2
DA:29,0
DA:31,1
DA:33,0
DA:35,0
DA:37,0
DA:41,3
DA:43,3
DA:44,3
DA:47,18
DA:54,2
LF:26
LH:22
BRDA:15,0,0,0
BRDA:18,1,0,8
BRDA:26,2,0,2
BRDA:26,2,1,0
BRDA:26,2,2,1
BRDA:26,2,3,0
BRDA:26,2,4,0
BRDA:26,2,5,0
BRF:8
BRH:3
end_of_record
TN:
SF:src\components\SimpleComponents\InitialAvatar\styles.ts
FN:8,(anonymous_7)
FN:10,(anonymous_8)
FNF:2
FNH:2
FNDA:56,(anonymous_7)
FNDA:14,(anonymous_8)
DA:1,2
DA:7,2
DA:8,56
DA:10,14
LF:4
LH:4
BRDA:9,0,0,2
BRDA:9,0,1,2
BRDA:10,1,0,14
BRDA:10,1,1,2
BRDA:22,2,0,14
BRDA:22,2,1,4
BRDA:22,2,2,2
BRF:7
BRH:7
end_of_record
TN:
SF:src\components\SimpleComponents\Loader\index.tsx
FN:3,(anonymous_6)
FNF:1
FNH:1
FNDA:2,(anonymous_6)
DA:1,1
DA:3,2
DA:14,1
LF:3
LH:3
BRF:0
BRH:0
end_of_record
TN:
SF:src\components\SimpleComponents\Loader\styles.ts
FN:41,(anonymous_7)
FNF:1
FNH:1
FNDA:2,(anonymous_7)
DA:1,1
DA:3,1
DA:12,1
DA:21,1
DA:30,1
DA:40,1
DA:41,2
LF:7
LH:7
BRDA:3,0,0,1
BRDA:3,0,1,1
BRDA:12,1,0,1
BRDA:12,1,1,1
BRDA:21,2,0,1
BRDA:21,2,1,1
BRDA:30,3,0,1
BRDA:30,3,1,1
BRDA:40,4,0,1
BRDA:40,4,1,1
BRDA:41,5,0,2
BRDA:41,5,1,1
BRF:12
BRH:12
end_of_record
TN:
SF:src\components\SimpleComponents\Logo\index.tsx
FN:9,(anonymous_6)
FNF:1
FNH:1
FNDA:5,(anonymous_6)
DA:1,2
DA:9,2
DA:10,5
DA:11,5
DA:12,5
DA:13,5
DA:95,2
LF:7
LH:7
BRDA:10,0,0,5
BRDA:10,0,1,0
BRDA:11,1,0,2
BRDA:11,1,1,3
BRDA:12,2,0,5
BRDA:12,2,1,0
BRF:6
BRH:4
end_of_record
TN:
SF:src\components\SimpleComponents\Logo\styles.ts
FN:7,(anonymous_8)
FN:12,(anonymous_9)
FN:17,(anonymous_10)
FN:22,(anonymous_11)
FN:38,(anonymous_12)
FN:40,(anonymous_13)
FNF:6
FNH:4
FNDA:2,(anonymous_8)
FNDA:0,(anonymous_9)
FNDA:3,(anonymous_10)
FNDA:0,(anonymous_11)
FNDA:30,(anonymous_12)
FNDA:5,(anonymous_13)
DA:1,2
DA:2,2
DA:6,2
DA:7,2
DA:12,0
DA:17,3
DA:22,0
DA:37,2
DA:38,30
DA:40,5
LF:10
LH:8
BRDA:7,0,0,2
BRDA:7,0,1,1
BRDA:12,1,0,0
BRDA:12,1,1,0
BRDA:17,2,0,3
BRDA:17,2,1,1
BRDA:22,3,0,0
BRDA:22,3,1,0
BRDA:23,4,0,0
BRDA:23,4,1,0
BRDA:39,5,0,2
BRDA:39,5,1,2
BRDA:40,6,0,5
BRDA:40,6,1,2
BRDA:41,7,0,5
BRDA:41,7,1,5
BRDA:42,8,0,5
BRDA:42,8,1,5
BRDA:43,9,0,5
BRDA:43,9,1,0
BRF:20
BRH:13
end_of_record
TN:
SF:src\components\SimpleComponents\MediaMatch\index.tsx
FN:24,(anonymous_9)
FN:27,(anonymous_10)
FN:30,(anonymous_11)
FN:33,(anonymous_12)
FN:41,(anonymous_13)
FN:43,(anonymous_14)
FNF:6
FNH:5
FNDA:30,(anonymous_9)
FNDA:2,(anonymous_10)
FNDA:28,(anonymous_11)
FNDA:0,(anonymous_12)
FNDA:92,(anonymous_13)
FNDA:32,(anonymous_14)
DA:1,2
DA:2,2
DA:10,2
DA:23,2
DA:24,30
DA:27,2
DA:30,28
DA:33,0
DA:40,2
DA:41,92
DA:43,32
LF:11
LH:10
BRDA:24,0,0,30
BRDA:24,0,1,2
BRDA:25,1,0,30
BRDA:25,1,1,2
BRDA:27,2,0,2
BRDA:27,2,1,1
BRDA:28,3,0,2
BRDA:28,3,1,1
BRDA:30,4,0,28
BRDA:30,4,1,1
BRDA:31,5,0,28
BRDA:31,5,1,1
BRDA:33,6,0,0
BRDA:33,6,1,0
BRDA:42,7,0,2
BRDA:42,7,1,2
BRDA:43,8,0,32
BRDA:43,8,1,2
BRDA:46,9,0,32
BRDA:46,9,1,30
BRDA:47,10,0,32
BRDA:47,10,1,2
BRDA:48,11,0,32
BRDA:48,11,1,28
BRDA:49,12,0,32
BRDA:49,12,1,0
BRF:26
BRH:23
end_of_record
TN:
SF:src\components\SimpleComponents\Modal\index.tsx
FN:13,(anonymous_6)
FN:20,(anonymous_7)
FNF:2
FNH:2
FNDA:3,(anonymous_6)
FNDA:1,(anonymous_7)
DA:2,2
DA:4,2
DA:13,3
DA:14,2
DA:20,1
DA:30,2
LF:6
LH:6
BRDA:17,0,0,2
BRDA:17,0,1,1
BRF:2
BRH:2
end_of_record
TN:
SF:src\components\SimpleComponents\Modal\styles.ts
FN:9,(anonymous_8)
FN:37,(anonymous_9)
FN:59,(anonymous_10)
FN:84,(anonymous_11)
FNF:4
FNH:4
FNDA:2,(anonymous_8)
FNDA:2,(anonymous_9)
FNDA:2,(anonymous_10)
FNDA:1,(anonymous_11)
DA:1,2
DA:2,2
DA:8,2
DA:9,2
DA:36,2
DA:37,2
DA:58,2
DA:59,2
DA:83,2
DA:84,1
LF:10
LH:10
BRDA:8,0,0,2
BRDA:8,0,1,2
BRDA:9,1,0,2
BRDA:9,1,1,1
BRDA:10,2,0,2
BRDA:10,2,1,0
BRDA:36,3,0,2
BRDA:36,3,1,2
BRDA:37,4,0,2
BRDA:37,4,1,1
BRDA:51,5,0,2
BRDA:51,5,1,1
BRDA:58,6,0,2
BRDA:58,6,1,2
BRDA:59,7,0,2
BRDA:59,7,1,1
BRDA:83,8,0,2
BRDA:83,8,1,2
BRDA:84,9,0,1
BRDA:84,9,1,1
BRF:20
BRH:19
end_of_record
TN:
SF:src\components\SimpleComponents\Page\index.tsx
FN:9,(anonymous_1)
FNF:1
FNH:1
FNDA:1,(anonymous_1)
DA:1,2
DA:9,2
DA:10,1
DA:19,2
LF:4
LH:4
BRDA:13,0,0,1
BRDA:13,0,1,0
BRF:2
BRH:1
end_of_record
TN:
SF:src\components\SimpleComponents\SearchBar\index.tsx
FN:17,(anonymous_7)
FN:26,(anonymous_8)
FN:33,(anonymous_9)
FN:37,(anonymous_10)
FN:38,(anonymous_11)
FN:43,(anonymous_12)
FNF:6
FNH:6
FNDA:10,(anonymous_7)
FNDA:4,(anonymous_8)
FNDA:5,(anonymous_9)
FNDA:5,(anonymous_10)
FNDA:5,(anonymous_11)
FNDA:5,(anonymous_12)
DA:1,1
DA:2,1
DA:3,1
DA:5,1
DA:6,1
DA:8,1
DA:17,1
DA:18,10
DA:19,9
DA:20,9
DA:21,9
DA:23,9
DA:24,9
DA:26,9
DA:27,4
DA:28,4
DA:29,4
DA:32,9
DA:33,5
DA:37,9
DA:38,5
DA:39,5
DA:43,9
DA:44,5
DA:47,9
DA:62,1
LF:26
LH:26
BRDA:53,0,0,9
BRDA:53,0,1,0
BRDA:53,1,0,9
BRDA:53,1,1,9
BRDA:56,2,0,9
BRDA:56,2,1,0
BRDA:56,3,0,9
BRDA:56,3,1,9
BRF:8
BRH:6
end_of_record
TN:
SF:src\components\SimpleComponents\SearchBar\styles.ts
FNF:0
FNH:0
DA:1,1
DA:3,1
LF:2
LH:2
BRDA:3,0,0,1
BRDA:3,0,1,1
BRF:2
BRH:2
end_of_record
TN:
SF:src\components\SimpleComponents\SelectableList\index.tsx
FN:40,(anonymous_10)
FN:48,(anonymous_11)
FN:57,(anonymous_12)
FN:68,(anonymous_13)
FN:81,(anonymous_14)
FN:93,(anonymous_15)
FN:98,(anonymous_16)
FN:102,(anonymous_17)
FN:117,(anonymous_18)
FN:123,(anonymous_19)
FN:127,(anonymous_20)
FN:128,(anonymous_21)
FN:131,(anonymous_22)
FN:143,(anonymous_23)
FN:152,(anonymous_24)
FN:153,(anonymous_25)
FN:155,(anonymous_26)
FN:159,(anonymous_27)
FN:167,(anonymous_28)
FN:174,(anonymous_29)
FN:176,(anonymous_30)
FN:179,(anonymous_31)
FN:183,(anonymous_32)
FN:184,(anonymous_33)
FN:193,(anonymous_34)
FN:195,(anonymous_35)
FN:203,(anonymous_36)
FN:204,(anonymous_37)
FN:211,(anonymous_38)
FN:212,(anonymous_39)
FN:220,(anonymous_40)
FN:221,(anonymous_41)
FN:231,(anonymous_42)
FN:238,(anonymous_43)
FN:240,(anonymous_44)
FN:255,(anonymous_45)
FN:258,(anonymous_46)
FN:261,(anonymous_47)
FN:263,(anonymous_48)
FN:274,(anonymous_49)
FN:275,(anonymous_50)
FN:284,(anonymous_51)
FN:287,(anonymous_52)
FN:288,(anonymous_53)
FN:294,(anonymous_54)
FN:298,(anonymous_55)
FN:301,(anonymous_56)
FN:302,(anonymous_57)
FN:303,(anonymous_58)
FN:311,(anonymous_59)
FN:316,(anonymous_60)
FN:328,(anonymous_61)
FN:333,(anonymous_62)
FN:337,(anonymous_63)
FN:354,(anonymous_64)
FNF:55
FNH:37
FNDA:158,(anonymous_10)
FNDA:113,(anonymous_11)
FNDA:0,(anonymous_12)
FNDA:0,(anonymous_13)
FNDA:3,(anonymous_14)
FNDA:0,(anonymous_15)
FNDA:147,(anonymous_16)
FNDA:8,(anonymous_17)
FNDA:0,(anonymous_18)
FNDA:70,(anonymous_19)
FNDA:0,(anonymous_20)
FNDA:0,(anonymous_21)
FNDA:0,(anonymous_22)
FNDA:30,(anonymous_23)
FNDA:10,(anonymous_24)
FNDA:270,(anonymous_25)
FNDA:240,(anonymous_26)
FNDA:240,(anonymous_27)
FNDA:30,(anonymous_28)
FNDA:0,(anonymous_29)
FNDA:29,(anonymous_30)
FNDA:8,(anonymous_31)
FNDA:8,(anonymous_32)
FNDA:24,(anonymous_33)
FNDA:40,(anonymous_34)
FNDA:120,(anonymous_35)
FNDA:8,(anonymous_36)
FNDA:216,(anonymous_37)
FNDA:0,(anonymous_38)
FNDA:0,(anonymous_39)
FNDA:3,(anonymous_40)
FNDA:9,(anonymous_41)
FNDA:8,(anonymous_42)
FNDA:216,(anonymous_43)
FNDA:192,(anonymous_44)
FNDA:24,(anonymous_45)
FNDA:3,(anonymous_46)
FNDA:33,(anonymous_47)
FNDA:30,(anonymous_48)
FNDA:55,(anonymous_49)
FNDA:297,(anonymous_50)
FNDA:10,(anonymous_51)
FNDA:0,(anonymous_52)
FNDA:0,(anonymous_53)
FNDA:29,(anonymous_54)
FNDA:10,(anonymous_55)
FNDA:0,(anonymous_56)
FNDA:0,(anonymous_57)
FNDA:0,(anonymous_58)
FNDA:52,(anonymous_59)
FNDA:0,(anonymous_60)
FNDA:0,(anonymous_61)
FNDA:87,(anonymous_62)
FNDA:8,(anonymous_63)
FNDA:0,(anonymous_64)
DA:1,1
DA:3,1
DA:4,1
DA:5,1
DA:6,1
DA:8,1
DA:9,1
DA:10,1
DA:11,1
DA:12,1
DA:40,1
DA:41,158
DA:42,157
DA:43,157
DA:44,157
DA:46,157
DA:48,157
DA:50,157
DA:52,28
DA:58,0
DA:59,0
DA:68,0
DA:82,3
DA:83,3
DA:93,0
DA:98,147
DA:103,8
DA:104,8
DA:118,0
DA:123,70
DA:127,0
DA:129,0
DA:132,0
DA:143,1
DA:144,30
DA:145,29
DA:146,29
DA:147,29
DA:148,29
DA:150,29
DA:152,29
DA:153,10
DA:154,270
DA:155,240
DA:157,270
DA:158,270
DA:159,270
DA:166,10
DA:167,30
DA:169,10
DA:172,29
DA:174,29
DA:175,29
DA:176,29
DA:179,29
DA:180,8
DA:181,8
DA:183,8
DA:184,8
DA:185,24
DA:186,8
DA:187,16
DA:192,29
DA:194,40
DA:195,120
DA:198,40
DA:203,29
DA:204,216
DA:205,8
DA:206,8
DA:207,8
DA:208,8
DA:211,29
DA:212,0
DA:213,0
DA:215,0
DA:216,0
DA:217,0
DA:220,29
DA:221,3
DA:222,9
DA:223,3
DA:224,6
DA:226,3
DA:227,3
DA:228,3
DA:231,29
DA:236,8
DA:238,8
DA:239,216
DA:240,192
DA:242,216
DA:243,8
DA:245,8
DA:246,8
DA:252,216
DA:255,24
DA:258,29
DA:259,3
DA:261,3
DA:262,33
DA:263,30
DA:265,33
DA:266,33
DA:268,33
DA:271,3
DA:274,29
DA:275,55
DA:276,297
DA:277,297
DA:278,297
DA:281,55
DA:284,29
DA:285,10
DA:287,0
DA:288,0
DA:289,0
DA:294,29
DA:295,29
DA:298,29
DA:299,10
DA:301,0
DA:302,0
DA:303,0
DA:308,29
DA:311,52
DA:317,0
DA:318,0
DA:328,0
DA:333,87
DA:337,8
DA:355,0
DA:372,1
LF:133
LH:110
BRDA:48,0,0,70
BRDA:48,0,1,87
BRDA:48,1,0,157
BRDA:48,1,1,157
BRDA:50,2,0,129
BRDA:98,3,0,0
BRDA:98,3,1,28
BRDA:98,4,0,28
BRDA:98,4,1,28
BRDA:101,5,0,0
BRDA:101,5,1,147
BRDA:101,6,0,147
BRDA:101,6,1,147
BRDA:105,7,0,0
BRDA:105,7,1,8
BRDA:113,8,0,147
BRDA:113,8,1,14
BRDA:114,9,0,147
BRDA:114,9,1,133
BRDA:122,10,0,147
BRDA:122,10,1,14
BRDA:129,11,0,0
BRDA:129,11,1,0
BRDA:129,12,0,0
BRDA:129,12,1,0
BRDA:154,13,0,40
BRDA:159,14,0,230
BRDA:159,14,1,40
BRDA:159,15,0,270
BRDA:159,15,1,270
BRDA:174,16,0,29
BRDA:174,16,1,0
BRDA:174,17,0,29
BRDA:174,17,1,29
BRDA:176,18,0,0
BRDA:176,18,1,29
BRDA:176,19,0,29
BRDA:176,19,1,29
BRDA:181,20,0,0
BRDA:185,21,0,8
BRDA:185,21,1,16
BRDA:195,22,0,120
BRDA:195,22,1,0
BRDA:195,23,0,120
BRDA:195,23,1,120
BRDA:222,24,0,3
BRDA:222,24,1,6
BRDA:239,25,0,32
BRDA:242,26,0,8
BRDA:242,27,0,216
BRDA:242,27,1,8
BRDA:245,28,0,8
BRDA:245,29,0,8
BRDA:245,29,1,8
BRDA:247,30,0,7
BRDA:247,30,1,1
BRDA:262,31,0,3
BRDA:266,32,0,19
BRDA:266,32,1,14
BRDA:266,33,0,17
BRDA:266,33,1,2
BRDA:266,34,0,19
BRDA:266,34,1,19
BRDA:276,35,0,29
BRDA:277,36,0,44
BRDA:285,37,0,10
BRDA:285,38,0,10
BRDA:285,38,1,0
BRDA:299,39,0,10
BRDA:299,40,0,10
BRDA:299,40,1,0
BRDA:346,41,0,87
BRDA:346,41,1,15
BRDA:350,42,0,87
BRDA:350,42,1,87
BRDA:351,43,0,87
BRDA:351,43,1,0
BRDA:355,44,0,0
BRDA:355,44,1,0
BRDA:355,45,0,0
BRDA:355,45,1,0
BRF:81
BRH:63
end_of_record
TN:
SF:src\components\SimpleComponents\SelectableList\styles.ts
FN:11,(anonymous_8)
FN:13,(anonymous_9)
FN:68,(anonymous_10)
FN:70,(anonymous_11)
FN:139,(anonymous_12)
FN:153,(anonymous_13)
FN:169,(anonymous_14)
FNF:7
FNH:7
FNDA:115,(anonymous_8)
FNDA:57,(anonymous_9)
FNDA:1216,(anonymous_10)
FNDA:319,(anonymous_11)
FNDA:291,(anonymous_12)
FNDA:15,(anonymous_13)
FNDA:87,(anonymous_14)
DA:1,1
DA:2,1
DA:3,1
DA:10,1
DA:11,115
DA:13,57
DA:67,1
DA:68,1216
DA:70,319
DA:138,1
DA:139,291
DA:152,1
DA:153,15
DA:168,1
DA:169,87
LF:15
LH:15
BRDA:12,0,0,1
BRDA:12,0,1,1
BRDA:13,1,0,57
BRDA:13,1,1,0
BRDA:13,2,0,28
BRDA:13,2,1,29
BRDA:13,3,0,57
BRDA:13,3,1,1
BRDA:20,4,0,57
BRDA:20,4,1,0
BRDA:47,5,0,57
BRDA:47,5,1,28
BRDA:48,6,0,28
BRDA:48,6,1,1
BRDA:53,7,0,57
BRDA:53,7,1,28
BRDA:54,8,0,28
BRDA:54,8,1,1
BRDA:69,9,0,1
BRDA:69,9,1,1
BRDA:70,10,0,291
BRDA:70,10,1,28
BRDA:70,11,0,319
BRDA:70,11,1,1
BRDA:77,12,0,28
BRDA:77,12,1,291
BRDA:86,13,0,319
BRDA:86,13,1,1
BRDA:87,14,0,28
BRDA:87,14,1,291
BRDA:90,15,0,319
BRDA:90,15,1,1
BRDA:91,16,0,28
BRDA:91,16,1,291
BRDA:119,17,0,319
BRDA:119,17,1,1
BRDA:125,18,0,319
BRDA:125,18,1,1
BRDA:138,19,0,1
BRDA:138,19,1,1
BRDA:139,20,0,291
BRDA:139,20,1,1
BRDA:152,21,0,1
BRDA:152,21,1,1
BRDA:153,22,0,15
BRDA:153,22,1,1
BRDA:168,23,0,1
BRDA:168,23,1,1
BRDA:169,24,0,87
BRDA:169,24,1,1
BRF:50
BRH:48
end_of_record
TN:
SF:src\components\SimpleComponents\SimpleCard\index.tsx
FN:11,(anonymous_6)
FNF:1
FNH:1
FNDA:6,(anonymous_6)
DA:1,3
DA:11,3
DA:12,6
DA:13,6
DA:14,6
DA:15,6
DA:16,6
DA:17,6
DA:18,6
DA:28,3
LF:10
LH:10
BRDA:15,0,0,6
BRDA:15,0,1,0
BRDA:21,1,0,6
BRDA:21,1,1,2
BRDA:22,2,0,6
BRDA:22,2,1,2
BRDA:23,3,0,6
BRDA:23,3,1,2
BRF:8
BRH:7
end_of_record
TN:
SF:src\components\SimpleComponents\SimpleCard\styles.ts
FN:8,(anonymous_7)
FN:45,(anonymous_8)
FN:61,(anonymous_9)
FN:71,(anonymous_10)
FNF:4
FNH:4
FNDA:6,(anonymous_7)
FNDA:2,(anonymous_8)
FNDA:2,(anonymous_9)
FNDA:2,(anonymous_10)
DA:1,5
DA:7,5
DA:8,6
DA:37,5
DA:44,5
DA:45,2
DA:60,5
DA:61,2
DA:70,5
DA:71,2
LF:10
LH:10
BRDA:7,0,0,5
BRDA:7,0,1,5
BRDA:8,1,0,6
BRDA:8,1,1,1
BRDA:12,2,0,6
BRDA:12,2,1,0
BRDA:12,3,0,6
BRDA:12,3,1,6
BRDA:22,4,0,6
BRDA:22,4,1,0
BRDA:37,5,0,5
BRDA:37,5,1,5
BRDA:44,6,0,5
BRDA:44,6,1,5
BRDA:45,7,0,2
BRDA:45,7,1,1
BRDA:60,8,0,5
BRDA:60,8,1,5
BRDA:61,9,0,2
BRDA:61,9,1,1
BRDA:70,10,0,5
BRDA:70,10,1,5
BRDA:71,11,0,2
BRDA:71,11,1,1
BRF:24
BRH:22
end_of_record
TN:
SF:src\components\SimpleComponents\Slider\index.tsx
FN:15,(anonymous_6)
FN:25,(anonymous_7)
FN:40,(anonymous_8)
FNF:3
FNH:3
FNDA:10,(anonymous_6)
FNDA:2,(anonymous_7)
FNDA:1,(anonymous_8)
DA:1,4
DA:2,4
DA:4,4
DA:15,4
DA:16,10
DA:17,10
DA:18,10
DA:19,10
DA:20,10
DA:21,10
DA:23,10
DA:25,10
DA:26,2
DA:27,2
DA:28,2
DA:31,10
DA:40,1
DA:46,4
LF:18
LH:18
BRDA:21,0,0,5
BRDA:21,0,1,5
BRF:2
BRH:2
end_of_record
TN:
SF:src\components\SimpleComponents\Slider\styles.ts
FN:9,(anonymous_7)
FNF:1
FNH:1
FNDA:10,(anonymous_7)
DA:1,4
DA:8,4
DA:9,10
LF:3
LH:3
BRDA:8,0,0,4
BRDA:8,0,1,4
BRDA:9,1,0,10
BRDA:9,1,1,2
BRF:4
BRH:4
end_of_record
TN:
SF:src\components\SimpleComponents\Tab\index.tsx
FN:10,(anonymous_6)
FN:14,(anonymous_7)
FN:21,(anonymous_8)
FNF:3
FNH:3
FNDA:6,(anonymous_6)
FNDA:15,(anonymous_7)
FNDA:2,(anonymous_8)
DA:1,2
DA:10,6
DA:11,5
DA:15,15
DA:21,2
DA:33,2
LF:6
LH:6
BRDA:10,0,0,0
BRDA:10,0,1,5
BRDA:20,1,0,5
BRDA:20,1,1,10
BRF:4
BRH:3
end_of_record
TN:
SF:src\components\SimpleComponents\Tab\styles.ts
FN:7,(anonymous_8)
FN:21,(anonymous_9)
FN:55,(anonymous_10)
FNF:3
FNH:3
FNDA:5,(anonymous_8)
FNDA:15,(anonymous_9)
FNDA:5,(anonymous_10)
DA:1,2
DA:2,2
DA:4,2
DA:6,2
DA:7,5
DA:20,2
DA:21,15
DA:54,2
DA:55,5
LF:9
LH:9
BRDA:4,0,0,2
BRDA:4,0,1,2
BRDA:6,1,0,2
BRDA:6,1,1,2
BRDA:7,2,0,5
BRDA:7,2,1,1
BRDA:20,3,0,2
BRDA:20,3,1,2
BRDA:21,4,0,15
BRDA:21,4,1,1
BRDA:28,5,0,5
BRDA:28,5,1,10
BRDA:29,6,0,5
BRDA:29,6,1,10
BRDA:45,7,0,5
BRDA:45,7,1,10
BRDA:49,8,0,15
BRDA:49,8,1,1
BRDA:54,9,0,2
BRDA:54,9,1,2
BRDA:55,10,0,5
BRDA:55,10,1,1
BRF:22
BRH:22
end_of_record
TN:
SF:src\components\SimpleComponents\TagsGenerate\index.tsx
FN:19,(anonymous_7)
FN:28,(anonymous_8)
FN:29,(anonymous_9)
FN:47,(anonymous_10)
FN:53,(anonymous_11)
FN:59,(anonymous_12)
FN:69,(anonymous_13)
FN:80,(anonymous_14)
FNF:8
FNH:6
FNDA:6,(anonymous_7)
FNDA:6,(anonymous_8)
FNDA:6,(anonymous_9)
FNDA:6,(anonymous_10)
FNDA:120,(anonymous_11)
FNDA:1,(anonymous_12)
FNDA:0,(anonymous_13)
FNDA:0,(anonymous_14)
DA:1,1
DA:2,1
DA:3,1
DA:4,1
DA:6,1
DA:19,1
DA:20,6
DA:21,6
DA:22,6
DA:24,6
DA:25,6
DA:26,6
DA:28,6
DA:29,6
DA:30,6
DA:31,0
DA:32,0
DA:35,6
DA:40,0
DA:42,6
DA:45,6
DA:46,6
DA:47,6
DA:50,6
DA:54,120
DA:59,1
DA:70,0
DA:81,0
DA:95,1
LF:29
LH:24
BRDA:30,0,0,0
BRDA:30,1,0,6
BRDA:30,1,1,0
BRDA:35,2,0,0
BRDA:36,3,0,6
BRDA:36,3,1,2
BRDA:36,3,2,2
BRDA:42,4,0,0
BRDA:42,5,0,6
BRDA:42,5,1,4
BRDA:67,6,0,6
BRDA:67,6,1,6
BRDA:67,6,2,0
BRDA:78,7,0,6
BRDA:78,7,1,0
BRDA:78,7,2,0
BRF:16
BRH:9
end_of_record
TN:
SF:src\components\SimpleComponents\TagsGenerate\styles.ts
FN:7,(anonymous_8)
FN:11,(anonymous_9)
FN:22,(anonymous_10)
FN:36,(anonymous_11)
FN:44,(anonymous_12)
FN:81,(anonymous_13)
FNF:6
FNH:4
FNDA:6,(anonymous_8)
FNDA:6,(anonymous_9)
FNDA:120,(anonymous_10)
FNDA:120,(anonymous_11)
FNDA:0,(anonymous_12)
FNDA:0,(anonymous_13)
DA:1,1
DA:2,1
DA:3,1
DA:4,1
DA:6,1
DA:7,6
DA:10,1
DA:11,6
DA:21,1
DA:22,120
DA:35,1
DA:36,120
DA:43,1
DA:44,0
DA:80,1
DA:81,0
LF:16
LH:14
BRDA:6,0,0,1
BRDA:6,0,1,1
BRDA:7,1,0,6
BRDA:7,1,1,1
BRDA:10,2,0,1
BRDA:10,2,1,1
BRDA:11,3,0,6
BRDA:11,3,1,1
BRDA:21,4,0,1
BRDA:21,4,1,1
BRDA:22,5,0,120
BRDA:22,5,1,1
BRDA:35,6,0,1
BRDA:35,6,1,1
BRDA:36,7,0,120
BRDA:36,7,1,1
BRDA:43,8,0,1
BRDA:43,8,1,1
BRDA:44,9,0,0
BRDA:44,9,1,0
BRDA:69,10,0,0
BRDA:69,10,1,0
BRDA:74,11,0,0
BRDA:74,11,1,0
BRDA:80,12,0,1
BRDA:80,12,1,1
BRDA:81,13,0,0
BRDA:81,13,1,0
BRF:28
BRH:20
end_of_record
TN:
SF:src\components\SimpleComponents\TextArea\index.tsx
FN:31,(anonymous_10)
FN:58,(anonymous_11)
FN:71,(anonymous_12)
FN:76,(anonymous_13)
FN:82,(anonymous_14)
FN:87,(anonymous_15)
FN:93,(anonymous_16)
FN:97,(anonymous_17)
FNF:8
FNH:6
FNDA:58,(anonymous_10)
FNDA:21,(anonymous_11)
FNDA:4,(anonymous_12)
FNDA:0,(anonymous_13)
FNDA:0,(anonymous_14)
FNDA:11,(anonymous_15)
FNDA:11,(anonymous_16)
FNDA:32,(anonymous_17)
DA:1,5
DA:8,5
DA:10,5
DA:31,5
DA:32,58
DA:33,57
DA:34,57
DA:35,57
DA:36,57
DA:37,57
DA:38,57
DA:39,57
DA:40,57
DA:41,57
DA:42,57
DA:43,57
DA:44,57
DA:45,57
DA:46,57
DA:47,57
DA:48,57
DA:49,57
DA:50,57
DA:52,57
DA:53,57
DA:54,57
DA:55,57
DA:56,57
DA:58,57
DA:59,21
DA:60,21
DA:62,21
DA:63,21
DA:65,0
DA:68,21
DA:71,57
DA:72,4
DA:73,4
DA:76,57
DA:77,0
DA:78,0
DA:79,0
DA:82,57
DA:83,0
DA:84,0
DA:87,57
DA:88,11
DA:89,0
DA:93,57
DA:94,11
DA:97,57
DA:98,32
DA:99,32
DA:102,57
DA:147,5
LF:55
LH:48
BRDA:33,0,0,56
BRDA:33,0,1,1
BRDA:34,1,0,57
BRDA:34,1,1,0
BRDA:36,2,0,3
BRDA:36,2,1,54
BRDA:37,3,0,57
BRDA:37,3,1,0
BRDA:38,4,0,54
BRDA:38,4,1,3
BRDA:42,5,0,57
BRDA:42,5,1,0
BRDA:49,6,0,57
BRDA:49,6,1,0
BRDA:62,7,0,21
BRDA:62,7,1,0
BRDA:62,8,0,21
BRDA:62,8,1,21
BRDA:79,9,0,0
BRDA:79,9,1,0
BRDA:79,10,0,0
BRDA:79,10,1,0
BRDA:83,11,0,0
BRDA:88,12,0,0
BRDA:88,13,0,11
BRDA:88,13,1,8
BRDA:105,14,0,57
BRDA:105,14,1,0
BRDA:106,15,0,57
BRDA:106,15,1,0
BRDA:109,16,0,57
BRDA:109,16,1,57
BRDA:116,17,0,57
BRDA:116,17,1,10
BRDA:132,18,0,57
BRDA:132,18,1,5
BRDA:142,19,0,57
BRDA:142,19,1,1
BRF:38
BRH:25
end_of_record
TN:
SF:src\components\SimpleComponents\TextArea\styles.ts
FN:12,(anonymous_7)
FN:29,(anonymous_8)
FN:43,(anonymous_9)
FN:69,(anonymous_10)
FN:88,(anonymous_11)
FN:114,(anonymous_12)
FN:125,(anonymous_13)
FN:137,(anonymous_14)
FN:152,(anonymous_15)
FN:163,(anonymous_16)
FN:177,(anonymous_17)
FN:187,(anonymous_18)
FNF:12
FNH:9
FNDA:0,(anonymous_7)
FNDA:0,(anonymous_8)
FNDA:3,(anonymous_9)
FNDA:36,(anonymous_10)
FNDA:36,(anonymous_11)
FNDA:0,(anonymous_12)
FNDA:8,(anonymous_13)
FNDA:1,(anonymous_14)
FNDA:36,(anonymous_15)
FNDA:36,(anonymous_16)
FNDA:36,(anonymous_17)
FNDA:5,(anonymous_18)
DA:1,5
DA:11,5
DA:12,0
DA:29,0
DA:43,3
DA:68,5
DA:69,36
DA:87,5
DA:88,36
DA:113,5
DA:114,0
DA:124,5
DA:125,8
DA:136,5
DA:137,1
DA:144,5
DA:152,36
DA:162,5
DA:163,36
DA:176,5
DA:177,36
DA:186,5
DA:187,5
LF:23
LH:20
BRDA:12,0,0,0
BRDA:12,0,1,0
BRDA:20,1,0,0
BRDA:20,1,1,0
BRDA:29,2,0,0
BRDA:29,2,1,0
BRDA:43,3,0,3
BRDA:43,3,1,1
BRDA:68,4,0,5
BRDA:68,4,1,5
BRDA:69,5,0,36
BRDA:69,5,1,1
BRDA:87,6,0,5
BRDA:87,6,1,5
BRDA:88,7,0,36
BRDA:88,7,1,1
BRDA:102,8,0,0
BRDA:102,8,1,36
BRDA:113,9,0,5
BRDA:113,9,1,5
BRDA:114,10,0,0
BRDA:114,10,1,0
BRDA:124,11,0,5
BRDA:124,11,1,5
BRDA:125,12,0,8
BRDA:125,12,1,1
BRDA:129,13,0,8
BRDA:129,13,1,0
BRDA:136,14,0,5
BRDA:136,14,1,5
BRDA:137,15,0,1
BRDA:137,15,1,1
BRDA:144,16,0,5
BRDA:144,16,1,5
BRDA:152,17,0,0
BRDA:152,17,1,36
BRDA:152,18,0,36
BRDA:152,18,1,1
BRDA:153,19,0,36
BRDA:153,19,1,0
BRDA:154,20,0,36
BRDA:154,20,1,0
BRDA:155,21,0,36
BRDA:155,21,1,3
BRDA:162,22,0,5
BRDA:162,22,1,5
BRDA:163,23,0,36
BRDA:163,23,1,1
BRDA:176,24,0,5
BRDA:176,24,1,5
BRDA:177,25,0,36
BRDA:177,25,1,1
BRDA:178,26,0,1
BRDA:178,26,1,35
BRDA:186,27,0,5
BRDA:186,27,1,5
BRDA:187,28,0,5
BRDA:187,28,1,1
BRDA:196,29,0,5
BRDA:196,29,1,1
BRDA:213,30,0,5
BRDA:213,30,1,1
BRF:62
BRH:49
end_of_record
TN:
SF:src\components\SimpleComponents\TextField\index.tsx
FN:35,(anonymous_10)
FN:65,(anonymous_11)
FN:78,(anonymous_12)
FN:83,(anonymous_13)
FN:89,(anonymous_14)
FN:94,(anonymous_15)
FN:100,(anonymous_16)
FN:105,(anonymous_17)
FN:135,(anonymous_18)
FNF:9
FNH:7
FNDA:91,(anonymous_10)
FNDA:23,(anonymous_11)
FNDA:3,(anonymous_12)
FNDA:0,(anonymous_13)
FNDA:0,(anonymous_14)
FNDA:24,(anonymous_15)
FNDA:47,(anonymous_16)
FNDA:24,(anonymous_17)
FNDA:140,(anonymous_18)
DA:1,7
DA:10,7
DA:11,7
DA:12,7
DA:14,7
DA:35,7
DA:37,91
DA:38,89
DA:39,89
DA:40,89
DA:41,89
DA:42,89
DA:43,89
DA:44,89
DA:45,89
DA:46,89
DA:47,89
DA:48,89
DA:49,89
DA:50,89
DA:51,89
DA:52,89
DA:53,89
DA:54,89
DA:55,89
DA:56,89
DA:60,89
DA:61,89
DA:62,89
DA:63,89
DA:65,89
DA:66,23
DA:67,23
DA:69,23
DA:70,19
DA:72,4
DA:75,23
DA:78,89
DA:79,3
DA:80,3
DA:83,89
DA:84,0
DA:85,0
DA:86,0
DA:89,89
DA:90,0
DA:91,0
DA:94,89
DA:95,24
DA:96,0
DA:97,24
DA:100,89
DA:101,47
DA:102,47
DA:105,89
DA:106,24
DA:107,0
DA:108,0
DA:111,89
DA:136,140
DA:137,140
DA:138,0
DA:139,140
DA:140,0
DA:172,7
LF:65
LH:55
BRDA:38,0,0,74
BRDA:38,0,1,15
BRDA:40,1,0,43
BRDA:40,1,1,46
BRDA:41,2,0,89
BRDA:41,2,1,0
BRDA:43,3,0,86
BRDA:43,3,1,3
BRDA:46,4,0,89
BRDA:46,4,1,0
BRDA:51,5,0,89
BRDA:51,5,1,0
BRDA:52,6,0,63
BRDA:52,6,1,26
BRDA:69,7,0,19
BRDA:69,7,1,4
BRDA:69,8,0,23
BRDA:69,8,1,19
BRDA:86,9,0,0
BRDA:86,9,1,0
BRDA:86,10,0,0
BRDA:86,10,1,0
BRDA:90,11,0,0
BRDA:95,12,0,0
BRDA:95,12,1,24
BRDA:95,13,0,24
BRDA:95,13,1,16
BRDA:106,14,0,24
BRDA:114,15,0,89
BRDA:114,15,1,26
BRDA:115,16,0,89
BRDA:115,16,1,26
BRDA:124,17,0,89
BRDA:124,17,1,42
BRDA:126,18,0,0
BRDA:126,18,1,89
BRDA:126,19,0,89
BRDA:126,19,1,89
BRDA:137,20,0,0
BRDA:137,20,1,140
BRDA:139,21,0,0
BRDA:146,22,0,89
BRDA:146,22,1,45
BRDA:159,23,0,89
BRDA:159,23,1,0
BRDA:167,24,0,89
BRDA:167,24,1,27
BRF:47
BRH:34
end_of_record
TN:
SF:src\components\SimpleComponents\TextField\styles.ts
FN:24,(anonymous_8)
FN:41,(anonymous_9)
FN:55,(anonymous_10)
FN:81,(anonymous_11)
FN:100,(anonymous_12)
FN:103,(anonymous_13)
FN:123,(anonymous_14)
FN:134,(anonymous_15)
FN:136,(anonymous_16)
FN:148,(anonymous_17)
FN:155,(anonymous_18)
FN:162,(anonymous_19)
FN:176,(anonymous_20)
FN:222,(anonymous_21)
FN:225,(anonymous_22)
FN:260,(anonymous_23)
FNF:16
FNH:13
FNDA:26,(anonymous_8)
FNDA:0,(anonymous_9)
FNDA:3,(anonymous_10)
FNDA:70,(anonymous_11)
FNDA:768,(anonymous_12)
FNDA:70,(anonymous_13)
FNDA:0,(anonymous_14)
FNDA:84,(anonymous_15)
FNDA:42,(anonymous_16)
FNDA:27,(anonymous_17)
FNDA:332,(anonymous_18)
FNDA:70,(anonymous_19)
FNDA:45,(anonymous_20)
FNDA:360,(anonymous_21)
FNDA:45,(anonymous_22)
FNDA:0,(anonymous_23)
DA:1,7
DA:3,7
DA:23,7
DA:24,26
DA:41,0
DA:55,3
DA:80,7
DA:81,70
DA:99,7
DA:101,768
DA:103,70
DA:122,7
DA:123,0
DA:133,7
DA:134,84
DA:136,42
DA:147,7
DA:148,27
DA:154,7
DA:155,332
DA:162,70
DA:176,7
DA:180,45
DA:184,45
DA:185,0
DA:186,0
DA:188,0
DA:189,0
DA:190,0
DA:191,0
DA:193,45
DA:194,31
DA:196,45
DA:197,45
DA:198,45
DA:199,45
DA:202,45
DA:221,7
DA:223,360
DA:226,45
DA:227,45
DA:228,45
DA:229,45
DA:230,45
DA:231,45
DA:259,7
DA:260,0
LF:47
LH:38
BRDA:24,0,0,26
BRDA:24,0,1,1
BRDA:32,1,0,26
BRDA:32,1,1,0
BRDA:41,2,0,0
BRDA:41,2,1,0
BRDA:55,3,0,3
BRDA:55,3,1,1
BRDA:80,4,0,7
BRDA:80,4,1,7
BRDA:81,5,0,70
BRDA:81,5,1,3
BRDA:94,6,0,0
BRDA:94,6,1,70
BRDA:93,7,0,70
BRDA:93,7,1,0
BRDA:95,8,0,70
BRDA:95,8,1,70
BRDA:102,9,0,7
BRDA:102,9,1,7
BRDA:103,10,0,70
BRDA:103,10,1,3
BRDA:111,11,0,26
BRDA:111,11,1,44
BRDA:118,12,0,0
BRDA:118,12,1,70
BRDA:122,13,0,7
BRDA:122,13,1,7
BRDA:123,14,0,0
BRDA:123,14,1,0
BRDA:135,15,0,7
BRDA:135,15,1,7
BRDA:136,16,0,42
BRDA:136,16,1,3
BRDA:140,17,0,28
BRDA:140,17,1,14
BRDA:147,18,0,7
BRDA:147,18,1,7
BRDA:148,19,0,27
BRDA:148,19,1,2
BRDA:156,20,0,7
BRDA:156,20,1,7
BRDA:162,21,0,0
BRDA:162,21,1,70
BRDA:162,22,0,70
BRDA:162,22,1,3
BRDA:163,23,0,70
BRDA:163,23,1,26
BRDA:164,24,0,70
BRDA:164,24,1,0
BRDA:165,25,0,70
BRDA:165,25,1,3
BRDA:180,26,0,0
BRDA:184,27,0,0
BRDA:184,27,1,45
BRDA:185,28,0,0
BRDA:185,28,1,0
BRDA:185,29,0,0
BRDA:185,29,1,0
BRDA:193,30,0,14
BRDA:193,30,1,31
BRDA:193,31,0,45
BRDA:193,31,1,40
BRDA:202,32,0,45
BRDA:202,32,1,3
BRDA:210,33,0,45
BRDA:210,33,1,6
BRDA:224,34,0,7
BRDA:224,34,1,7
BRDA:229,35,0,0
BRDA:229,35,1,45
BRDA:230,36,0,0
BRDA:230,36,1,45
BRDA:231,37,0,45
BRDA:231,37,1,3
BRDA:249,38,0,45
BRDA:249,38,1,6
BRDA:259,39,0,7
BRDA:259,39,1,7
BRDA:260,40,0,0
BRDA:260,40,1,0
BRF:81
BRH:61
end_of_record
TN:
SF:src\components\SimpleComponents\Toast\index.tsx
FN:14,(anonymous_6)
FN:27,(anonymous_7)
FNF:2
FNH:1
FNDA:3,(anonymous_6)
FNDA:0,(anonymous_7)
DA:1,3
DA:3,3
DA:14,3
DA:15,3
DA:18,2
DA:20,2
DA:21,1
DA:24,1
DA:28,0
DA:39,3
LF:10
LH:9
BRDA:15,0,0,0
BRDA:15,0,1,2
BRDA:15,1,0,0
BRDA:15,1,1,2
BRDA:20,2,0,1
BRDA:32,3,0,0
BRDA:32,3,1,1
BRDA:32,4,0,1
BRDA:32,4,1,1
BRF:9
BRH:6
end_of_record
TN:
SF:src\components\SimpleComponents\Toast\styles.ts
FN:12,(anonymous_7)
FNF:1
FNH:1
FNDA:1,(anonymous_7)
DA:1,3
DA:11,3
DA:12,1
LF:3
LH:3
BRDA:11,0,0,3
BRDA:11,0,1,3
BRDA:12,1,0,1
BRDA:12,1,1,1
BRDA:13,2,0,1
BRDA:13,2,1,0
BRDA:14,3,0,1
BRDA:14,3,1,0
BRF:8
BRH:6
end_of_record
TN:
SF:src\components\SimpleComponents\Tooltip\index.tsx
FN:12,Tooltip
FN:29,(anonymous_7)
FNF:2
FNH:2
FNDA:5,Tooltip
FNDA:3,(anonymous_7)
DA:2,3
DA:12,3
DA:13,5
DA:14,4
DA:15,4
DA:16,4
DA:17,4
DA:19,4
DA:29,3
LF:9
LH:9
BRDA:15,0,0,4
BRDA:15,0,1,0
BRDA:16,1,0,2
BRDA:16,1,1,2
BRDA:22,2,0,4
BRDA:22,2,1,4
BRDA:22,2,2,4
BRDA:25,3,0,4
BRDA:25,3,1,2
BRDA:28,4,0,4
BRDA:28,4,1,1
BRDA:31,5,0,3
BRDA:31,5,1,2
BRF:13
BRH:12
end_of_record
TN:
SF:src\components\SimpleComponents\Tooltip\styles.ts
FN:8,(anonymous_7)
FN:44,(anonymous_8)
FN:58,(anonymous_9)
FNF:3
FNH:3
FNDA:4,(anonymous_7)
FNDA:5,(anonymous_8)
FNDA:7,(anonymous_9)
DA:1,3
DA:7,3
DA:8,4
DA:43,3
DA:44,5
DA:57,3
DA:58,7
LF:7
LH:7
BRDA:7,0,0,3
BRDA:7,0,1,3
BRDA:8,1,0,4
BRDA:8,1,1,1
BRDA:43,2,0,3
BRDA:43,2,1,3
BRDA:44,3,0,5
BRDA:44,3,1,1
BRDA:57,4,0,3
BRDA:57,4,1,3
BRDA:58,5,0,7
BRDA:58,5,1,1
BRF:12
BRH:12
end_of_record
TN:
SF:src\components\SimpleComponents\Typography\index.tsx
FN:20,(anonymous_9)
FNF:1
FNH:1
FNDA:668,(anonymous_9)
DA:3,21
DA:20,21
DA:21,668
DA:22,668
DA:23,668
DA:24,668
DA:25,668
DA:26,668
DA:27,668
DA:28,668
DA:29,668
DA:30,668
DA:31,668
DA:32,668
DA:33,668
DA:51,21
LF:16
LH:16
BRDA:22,0,0,635
BRDA:22,0,1,33
BRDA:23,1,0,338
BRDA:23,1,1,330
BRDA:24,2,0,238
BRDA:24,2,1,430
BRDA:25,3,0,124
BRDA:25,3,1,544
BRDA:26,4,0,652
BRDA:26,4,1,16
BRDA:27,5,0,664
BRDA:27,5,1,4
BRDA:28,6,0,593
BRDA:28,6,1,75
BRDA:29,7,0,666
BRDA:29,7,1,2
BRDA:30,8,0,655
BRDA:30,8,1,13
BRDA:31,9,0,667
BRDA:31,9,1,1
BRF:20
BRH:20
end_of_record
TN:
SF:src\components\SimpleComponents\Typography\styles.ts
FN:8,(anonymous_8)
FN:11,(anonymous_9)
FN:15,(anonymous_10)
FNF:3
FNH:3
FNDA:8061,(anonymous_8)
FNDA:668,(anonymous_9)
FNDA:668,(anonymous_10)
DA:1,21
DA:2,21
DA:6,21
DA:9,8061
DA:11,668
DA:16,668
DA:17,668
DA:18,668
DA:19,668
DA:20,668
DA:21,668
DA:22,668
DA:23,668
DA:24,668
DA:25,668
LF:15
LH:15
BRDA:14,0,0,21
BRDA:14,0,1,21
BRDA:25,1,0,668
BRDA:25,1,1,16
BRDA:27,2,0,668
BRDA:27,2,1,0
BRDA:27,3,0,668
BRDA:27,3,1,668
BRDA:28,4,0,668
BRDA:28,4,1,0
BRDA:28,5,0,668
BRDA:28,5,1,668
BRDA:31,6,0,668
BRDA:31,6,1,0
BRDA:31,7,0,668
BRDA:31,7,1,668
BRDA:32,8,0,668
BRDA:32,8,1,0
BRDA:32,9,0,668
BRDA:32,9,1,668
BRDA:32,10,0,668
BRDA:32,10,1,668
BRDA:33,11,0,668
BRDA:33,11,1,0
BRDA:33,12,0,668
BRDA:33,12,1,668
BRF:26
BRH:21
end_of_record
TN:
SF:src\components\SimpleComponents\ValidationError\index.tsx
FN:11,(anonymous_6)
FNF:1
FNH:1
FNDA:3,(anonymous_6)
DA:2,5
DA:11,5
DA:12,3
DA:13,3
DA:14,3
DA:15,3
DA:23,5
LF:7
LH:7
BRDA:18,0,0,1
BRDA:18,0,1,2
BRDA:17,1,0,3
BRDA:17,1,1,2
BRF:4
BRH:4
end_of_record
TN:
SF:src\components\SimpleComponents\ValidationError\styles.ts
FN:4,(anonymous_7)
FNF:1
FNH:1
FNDA:1,(anonymous_7)
DA:1,6
DA:3,6
DA:4,1
LF:3
LH:3
BRDA:3,0,0,6
BRDA:3,0,1,6
BRDA:4,1,0,1
BRDA:4,1,1,1
BRF:4
BRH:4
end_of_record
TN:
SF:src\components\SimpleComponents\WarningModal\index.tsx
FN:21,(anonymous_7)
FNF:1
FNH:1
FNDA:5,(anonymous_7)
DA:1,1
DA:2,1
DA:5,1
DA:6,1
DA:7,1
DA:9,1
DA:11,1
DA:19,1
DA:21,1
DA:22,5
DA:23,4
DA:24,4
DA:25,4
DA:27,4
DA:29,4
DA:31,3
DA:70,1
LF:17
LH:17
BRDA:22,0,0,4
BRDA:22,0,1,0
BRDA:23,1,0,0
BRDA:23,1,1,4
BRDA:29,2,0,1
BRDA:41,3,0,3
BRDA:41,3,1,0
BRF:7
BRH:4
end_of_record
TN:
SF:src\components\SimpleComponents\WarningModal\styles.ts
FN:5,(anonymous_8)
FN:23,(anonymous_9)
FN:47,(anonymous_10)
FN:74,(anonymous_11)
FN:104,(anonymous_12)
FN:121,(anonymous_13)
FNF:6
FNH:6
FNDA:3,(anonymous_8)
FNDA:3,(anonymous_9)
FNDA:3,(anonymous_10)
FNDA:3,(anonymous_11)
FNDA:3,(anonymous_12)
FNDA:3,(anonymous_13)
DA:1,1
DA:2,1
DA:4,1
DA:5,3
DA:22,1
DA:23,3
DA:46,1
DA:47,3
DA:73,1
DA:74,3
DA:103,1
DA:104,3
DA:120,1
DA:121,3
LF:14
LH:14
BRDA:4,0,0,1
BRDA:4,0,1,1
BRDA:5,1,0,3
BRDA:5,1,1,1
BRDA:22,2,0,1
BRDA:22,2,1,1
BRDA:23,3,0,3
BRDA:23,3,1,1
BRDA:38,4,0,3
BRDA:38,4,1,1
BRDA:46,5,0,1
BRDA:46,5,1,1
BRDA:47,6,0,3
BRDA:47,6,1,1
BRDA:55,7,0,3
BRDA:55,7,1,1
BRDA:73,8,0,1
BRDA:73,8,1,1
BRDA:74,9,0,3
BRDA:74,9,1,1
BRDA:77,10,0,0
BRDA:77,10,1,3
BRDA:89,11,0,3
BRDA:89,11,1,1
BRDA:103,12,0,1
BRDA:103,12,1,1
BRDA:104,13,0,3
BRDA:104,13,1,1
BRDA:112,14,0,3
BRDA:112,14,1,1
BRDA:120,15,0,1
BRDA:120,15,1,1
BRDA:121,16,0,3
BRDA:121,16,1,1
BRDA:132,17,0,3
BRDA:132,17,1,1
BRF:36
BRH:35
end_of_record
